2020-03-21 00:16:53,788 INFO Looking for files
2020-03-21 00:16:53,788 INFO Looking for files
2020-03-21 00:16:53,789 INFO Looking for files
2020-03-21 00:16:53,789 INFO Looking for files
2020-03-21 00:16:53,789 INFO Looking for files
2020-03-21 00:16:53,789 INFO Looking for files
2020-03-21 00:16:53,789 INFO Looking for files
2020-03-21 00:16:53,789 INFO Looking for files
2020-03-21 00:16:53,789 INFO Looking for files
2020-03-21 00:16:53,789 INFO Looking for files
2020-03-21 00:16:53,789 INFO Looking for files
2020-03-21 00:16:53,789 INFO Looking for files
2020-03-21 00:16:53,789 INFO Looking for files
2020-03-21 00:16:53,789 INFO Looking for files
2020-03-21 00:16:53,789 INFO Looking for files
2020-03-21 00:16:53,789 INFO Looking for files
2020-03-21 00:16:53,789 INFO Looking for files
2020-03-21 00:16:53,789 INFO Looking for files
2020-03-21 00:16:53,789 INFO Looking for files
2020-03-21 00:16:53,789 INFO Looking for files
2020-03-21 00:16:53,789 INFO Looking for files
2020-03-21 00:16:53,789 INFO Looking for files
2020-03-21 00:16:53,789 INFO Looking for files
2020-03-21 00:16:53,789 INFO Looking for files
2020-03-21 00:16:53,789 INFO Looking for files
2020-03-21 00:16:53,789 INFO Looking for files
2020-03-21 00:16:53,789 INFO Looking for files
2020-03-21 00:16:53,789 INFO Looking for files
2020-03-21 00:16:53,789 INFO Looking for files
2020-03-21 00:16:53,789 INFO Looking for files
2020-03-21 00:16:53,789 INFO Looking for files
2020-03-21 00:16:53,789 INFO Looking for files
2020-03-21 00:16:53,789 INFO Looking for files
2020-03-21 00:16:53,789 INFO Looking for files
2020-03-21 00:16:53,789 INFO Looking for files
2020-03-21 00:16:53,789 INFO Looking for files
2020-03-21 00:16:53,789 INFO Looking for files
2020-03-21 00:16:53,789 INFO Looking for files
2020-03-21 00:16:53,789 INFO Looking for files
2020-03-21 00:16:53,789 INFO Looking for files
2020-03-21 00:16:53,793 INFO Looking for files
2020-03-21 00:16:53,793 INFO Looking for files
2020-03-21 00:16:53,793 INFO Looking for files
2020-03-21 00:16:53,793 INFO Looking for files
2020-03-21 00:16:53,793 INFO Looking for files
2020-03-21 00:16:53,793 INFO Looking for files
2020-03-21 00:16:53,793 INFO Looking for files
2020-03-21 00:16:53,793 INFO Looking for files
2020-03-21 00:16:53,793 INFO Looking for files
2020-03-21 00:16:53,793 INFO Looking for files
2020-03-21 00:16:53,793 INFO Looking for files
2020-03-21 00:16:53,793 INFO Looking for files
2020-03-21 00:16:53,793 INFO Looking for files
2020-03-21 00:16:53,794 INFO Looking for files
2020-03-21 00:16:53,794 INFO Looking for files
2020-03-21 00:16:53,794 INFO Looking for files
2020-03-21 00:16:53,794 INFO Looking for files
2020-03-21 00:16:53,794 INFO Looking for files
2020-03-21 00:16:53,794 INFO Looking for files
2020-03-21 00:16:53,794 INFO Looking for files
2020-03-21 00:16:53,794 INFO Looking for files
2020-03-21 00:16:53,794 INFO Looking for files
2020-03-21 00:16:53,794 INFO Looking for files
2020-03-21 00:16:53,794 INFO DSC_0366(masks) matches DSC_0366(image superpixels) 

2020-03-21 00:16:53,794 INFO Loading image.......
2020-03-21 00:16:53,833 INFO Separating segments....
2020-03-21 00:16:56,290 INFO Superpixel 35 is diseased with Bacterial Leaf blight
2020-03-21 00:16:56,495 INFO Superpixel 39 is diseased with Bacterial Leaf blight
2020-03-21 00:16:56,534 INFO Superpixel 40 is diseased with Bacterial Leaf blight
2020-03-21 00:16:56,617 INFO Superpixel 42 is diseased with Bacterial Leaf blight
2020-03-21 00:16:56,821 INFO Superpixel 47 is diseased with Bacterial Leaf blight
2020-03-21 00:16:56,887 INFO Superpixel 48 is diseased with Bacterial Leaf blight
2020-03-21 00:16:56,938 INFO Superpixel 49 is diseased with Bacterial Leaf blight
2020-03-21 00:16:57,097 INFO Superpixel 53 is diseased with Bacterial Leaf blight
2020-03-21 00:16:57,138 INFO Superpixel 54 is diseased with Bacterial Leaf blight
2020-03-21 00:16:57,180 INFO Superpixel 55 is diseased with Bacterial Leaf blight
2020-03-21 00:16:57,222 INFO Superpixel 56 is diseased with Bacterial Leaf blight
2020-03-21 00:16:57,283 INFO Superpixel 57 is diseased with Bacterial Leaf blight
2020-03-21 00:16:59,118 INFO DSC_0366 done 

2020-03-21 00:16:59,118 INFO Looking for files
2020-03-21 00:16:59,118 INFO Looking for files
2020-03-21 00:16:59,118 INFO Looking for files
2020-03-21 00:16:59,118 INFO Looking for files
2020-03-21 00:16:59,119 INFO Looking for files
2020-03-21 00:16:59,119 INFO Looking for files
2020-03-21 00:16:59,119 INFO Looking for files
2020-03-21 00:16:59,119 INFO Looking for files
2020-03-21 00:16:59,119 INFO Looking for files
2020-03-21 00:16:59,119 INFO Looking for files
2020-03-21 00:16:59,119 INFO Looking for files
2020-03-21 00:16:59,119 INFO Looking for files
2020-03-21 00:16:59,119 INFO Looking for files
2020-03-21 00:16:59,119 INFO Looking for files
2020-03-21 00:16:59,119 INFO Looking for files
2020-03-21 00:16:59,119 INFO Looking for files
2020-03-21 00:16:59,119 INFO Looking for files
2020-03-21 00:16:59,119 INFO Looking for files
2020-03-21 00:16:59,119 INFO Looking for files
2020-03-21 00:16:59,119 INFO Looking for files
2020-03-21 00:16:59,119 INFO Looking for files
2020-03-21 00:16:59,119 INFO Looking for files
2020-03-21 00:16:59,119 INFO Looking for files
2020-03-21 00:16:59,119 INFO Looking for files
2020-03-21 00:16:59,119 INFO Looking for files
2020-03-21 00:16:59,119 INFO Looking for files
2020-03-21 00:16:59,119 INFO Looking for files
2020-03-21 00:16:59,119 INFO Looking for files
2020-03-21 00:16:59,119 INFO Looking for files
2020-03-21 00:16:59,119 INFO Looking for files
2020-03-21 00:16:59,119 INFO Looking for files
2020-03-21 00:16:59,119 INFO Looking for files
2020-03-21 00:16:59,119 INFO Looking for files
2020-03-21 00:16:59,119 INFO Looking for files
2020-03-21 00:16:59,119 INFO Looking for files
2020-03-21 00:16:59,119 INFO Looking for files
2020-03-21 00:16:59,119 INFO Looking for files
2020-03-21 00:16:59,119 INFO Looking for files
2020-03-21 00:16:59,119 INFO Looking for files
2020-03-21 00:16:59,119 INFO Looking for files
2020-03-21 00:16:59,119 INFO Looking for files
2020-03-21 00:16:59,123 INFO Looking for files
2020-03-21 00:16:59,123 INFO Looking for files
2020-03-21 00:16:59,123 INFO Looking for files
2020-03-21 00:16:59,123 INFO Looking for files
2020-03-21 00:16:59,123 INFO Looking for files
2020-03-21 00:16:59,124 INFO Looking for files
2020-03-21 00:16:59,124 INFO Looking for files
2020-03-21 00:16:59,124 INFO Looking for files
2020-03-21 00:16:59,124 INFO Looking for files
2020-03-21 00:16:59,124 INFO Looking for files
2020-03-21 00:16:59,124 INFO Looking for files
2020-03-21 00:16:59,124 INFO Looking for files
2020-03-21 00:16:59,124 INFO Looking for files
2020-03-21 00:16:59,125 INFO Looking for files
2020-03-21 00:16:59,125 INFO Looking for files
2020-03-21 00:16:59,125 INFO Looking for files
2020-03-21 00:16:59,161 INFO Looking for files
2020-03-21 00:16:59,161 INFO Looking for files
2020-03-21 00:16:59,161 INFO Looking for files
2020-03-21 00:16:59,161 INFO Looking for files
2020-03-21 00:16:59,162 INFO Looking for files
2020-03-21 00:16:59,162 INFO Looking for files
2020-03-21 00:16:59,162 INFO Looking for files
2020-03-21 00:16:59,162 INFO Looking for files
2020-03-21 00:16:59,162 INFO Looking for files
2020-03-21 00:16:59,162 INFO Looking for files
2020-03-21 00:16:59,162 INFO Looking for files
2020-03-21 00:16:59,162 INFO Looking for files
2020-03-21 00:16:59,162 INFO Looking for files
2020-03-21 00:16:59,162 INFO Looking for files
2020-03-21 00:16:59,162 INFO Looking for files
2020-03-21 00:16:59,162 INFO Looking for files
2020-03-21 00:16:59,162 INFO Looking for files
2020-03-21 00:16:59,162 INFO Looking for files
2020-03-21 00:16:59,162 INFO Looking for files
2020-03-21 00:16:59,162 INFO Looking for files
2020-03-21 00:16:59,162 INFO Looking for files
2020-03-21 00:16:59,162 INFO Looking for files
2020-03-21 00:16:59,162 INFO Looking for files
2020-03-21 00:16:59,164 INFO Looking for files
2020-03-21 00:16:59,164 INFO Looking for files
2020-03-21 00:16:59,164 INFO Looking for files
2020-03-21 00:16:59,164 INFO Looking for files
2020-03-21 00:16:59,164 INFO Looking for files
2020-03-21 00:16:59,164 INFO Looking for files
2020-03-21 00:16:59,164 INFO Looking for files
2020-03-21 00:16:59,164 INFO Looking for files
2020-03-21 00:16:59,164 INFO Looking for files
2020-03-21 00:16:59,165 INFO Looking for files
2020-03-21 00:16:59,165 INFO Looking for files
2020-03-21 00:16:59,165 INFO Looking for files
2020-03-21 00:16:59,165 INFO Looking for files
2020-03-21 00:16:59,165 INFO Looking for files
2020-03-21 00:16:59,165 INFO Looking for files
2020-03-21 00:16:59,165 INFO Looking for files
2020-03-21 00:16:59,165 INFO Looking for files
2020-03-21 00:16:59,165 INFO Looking for files
2020-03-21 00:16:59,166 INFO Looking for files
2020-03-21 00:16:59,166 INFO Looking for files
2020-03-21 00:16:59,166 INFO Looking for files
2020-03-21 00:16:59,166 INFO Looking for files
2020-03-21 00:16:59,166 INFO Looking for files
2020-03-21 00:16:59,166 INFO Looking for files
2020-03-21 00:16:59,166 INFO Looking for files
2020-03-21 00:16:59,166 INFO Looking for files
2020-03-21 00:16:59,166 INFO Looking for files
2020-03-21 00:16:59,166 INFO Looking for files
2020-03-21 00:16:59,167 INFO Looking for files
2020-03-21 00:16:59,167 INFO Looking for files
2020-03-21 00:16:59,167 INFO Looking for files
2020-03-21 00:16:59,167 INFO Looking for files
2020-03-21 00:16:59,167 INFO Looking for files
2020-03-21 00:16:59,167 INFO Looking for files
2020-03-21 00:16:59,167 INFO Looking for files
2020-03-21 00:16:59,167 INFO Looking for files
2020-03-21 00:16:59,167 INFO Looking for files
2020-03-21 00:16:59,167 INFO Looking for files
2020-03-21 00:16:59,167 INFO Looking for files
2020-03-21 00:16:59,167 INFO Looking for files
2020-03-21 00:16:59,167 INFO Looking for files
2020-03-21 00:16:59,167 INFO DSC_0367(masks) matches DSC_0367(image superpixels) 

2020-03-21 00:16:59,167 INFO Loading image.......
2020-03-21 00:16:59,209 INFO Separating segments....
2020-03-21 00:17:00,225 INFO Superpixel 12 is diseased with Bacterial Leaf blight
