2020-03-21 19:01:30,040 INFO DSC_0366(masks) matches DSC_0366(image superpixels) 

2020-03-21 19:01:30,040 INFO Loading image.......
2020-03-21 19:01:30,056 INFO Separating segments....
2020-03-21 19:01:31,896 INFO Superpixel 35 is diseased with Bacterial Leaf blight
2020-03-21 19:01:32,062 INFO Superpixel 39 is diseased with Bacterial Leaf blight
2020-03-21 19:01:32,120 INFO Superpixel 40 is diseased with Bacterial Leaf blight
2020-03-21 19:01:32,206 INFO Superpixel 42 is diseased with Bacterial Leaf blight
2020-03-21 19:01:32,410 INFO Superpixel 47 is diseased with Bacterial Leaf blight
2020-03-21 19:01:32,455 INFO Superpixel 48 is diseased with Bacterial Leaf blight
2020-03-21 19:01:32,501 INFO Superpixel 49 is diseased with Bacterial Leaf blight
2020-03-21 19:01:32,667 INFO Superpixel 53 is diseased with Bacterial Leaf blight
2020-03-21 19:01:32,712 INFO Superpixel 54 is diseased with Bacterial Leaf blight
2020-03-21 19:01:32,759 INFO Superpixel 55 is diseased with Bacterial Leaf blight
2020-03-21 19:01:32,806 INFO Superpixel 56 is diseased with Bacterial Leaf blight
2020-03-21 19:01:32,852 INFO Superpixel 57 is diseased with Bacterial Leaf blight
2020-03-21 19:01:34,062 INFO DSC_0366 done 

2020-03-21 19:01:34,075 INFO DSC_0367(masks) matches DSC_0367(image superpixels) 

2020-03-21 19:01:34,075 INFO Loading image.......
2020-03-21 19:01:34,098 INFO Separating segments....
2020-03-21 19:01:34,919 INFO Superpixel 12 is diseased with Bacterial Leaf blight
2020-03-21 19:01:35,731 INFO Superpixel 33 is diseased with Bacterial Leaf blight
2020-03-21 19:01:35,775 INFO Superpixel 34 is diseased with Bacterial Leaf blight
2020-03-21 19:01:35,819 INFO Superpixel 35 is diseased with Bacterial Leaf blight
2020-03-21 19:01:35,864 INFO Superpixel 36 is diseased with Bacterial Leaf blight
2020-03-21 19:01:35,908 INFO Superpixel 37 is diseased with Bacterial Leaf blight
2020-03-21 19:01:35,953 INFO Superpixel 38 is diseased with Bacterial Leaf blight
2020-03-21 19:01:36,152 INFO Superpixel 43 is diseased with Bacterial Leaf blight
2020-03-21 19:01:36,197 INFO Superpixel 44 is diseased with Bacterial Leaf blight
2020-03-21 19:01:36,241 INFO Superpixel 45 is diseased with Bacterial Leaf blight
2020-03-21 19:01:37,073 INFO DSC_0367 done 

2020-03-21 19:01:37,085 INFO DSC_0370(masks) matches DSC_0370(image superpixels) 

2020-03-21 19:01:37,085 INFO Loading image.......
2020-03-21 19:01:37,104 INFO Separating segments....
2020-03-21 19:01:38,452 INFO Superpixel 24 is diseased with Bacterial Leaf blight
2020-03-21 19:01:38,951 INFO Superpixel 37 is diseased with Bacterial Leaf blight
2020-03-21 19:01:38,995 INFO Superpixel 38 is diseased with Bacterial Leaf blight
2020-03-21 19:01:39,040 INFO Superpixel 39 is diseased with Bacterial Leaf blight
2020-03-21 19:01:39,085 INFO Superpixel 40 is diseased with Bacterial Leaf blight
2020-03-21 19:01:39,359 INFO Superpixel 47 is diseased with Bacterial Leaf blight
2020-03-21 19:01:40,936 INFO DSC_0370 done 

2020-03-21 19:01:40,948 INFO DSC_0372(masks) matches DSC_0372(image superpixels) 

2020-03-21 19:01:40,949 INFO Loading image.......
2020-03-21 19:01:40,973 INFO Separating segments....
2020-03-21 19:01:41,843 INFO Superpixel 12 is diseased with Bacterial Leaf blight
2020-03-21 19:01:42,118 INFO Superpixel 19 is diseased with Bacterial Leaf blight
2020-03-21 19:01:42,278 INFO Superpixel 23 is diseased with Bacterial Leaf blight
2020-03-21 19:01:42,360 INFO Superpixel 25 is diseased with Bacterial Leaf blight
2020-03-21 19:01:42,405 INFO Superpixel 26 is diseased with Bacterial Leaf blight
2020-03-21 19:01:42,506 INFO Superpixel 27 is diseased with Bacterial Leaf blight
2020-03-21 19:01:42,570 INFO Superpixel 28 is diseased with Bacterial Leaf blight
2020-03-21 19:01:42,676 INFO Superpixel 30 is diseased with Bacterial Leaf blight
2020-03-21 19:01:42,722 INFO Superpixel 31 is diseased with Bacterial Leaf blight
2020-03-21 19:01:42,768 INFO Superpixel 32 is diseased with Bacterial Leaf blight
2020-03-21 19:01:42,817 INFO Superpixel 33 is diseased with Bacterial Leaf blight
2020-03-21 19:01:42,865 INFO Superpixel 34 is diseased with Bacterial Leaf blight
2020-03-21 19:01:42,909 INFO Superpixel 35 is diseased with Bacterial Leaf blight
2020-03-21 19:01:42,961 INFO Superpixel 36 is diseased with Bacterial Leaf blight
2020-03-21 19:01:43,008 INFO Superpixel 37 is diseased with Bacterial Leaf blight
2020-03-21 19:01:43,053 INFO Superpixel 38 is diseased with Bacterial Leaf blight
2020-03-21 19:01:43,098 INFO Superpixel 39 is diseased with Bacterial Leaf blight
2020-03-21 19:01:43,142 INFO Superpixel 40 is diseased with Bacterial Leaf blight
2020-03-21 19:01:43,190 INFO Superpixel 41 is diseased with Bacterial Leaf blight
2020-03-21 19:01:43,236 INFO Superpixel 42 is diseased with Bacterial Leaf blight
2020-03-21 19:01:43,288 INFO Superpixel 43 is diseased with Bacterial Leaf blight
2020-03-21 19:01:43,337 INFO Superpixel 44 is diseased with Bacterial Leaf blight
2020-03-21 19:01:43,388 INFO Superpixel 45 is diseased with Bacterial Leaf blight
2020-03-21 19:01:43,436 INFO Superpixel 46 is diseased with Bacterial Leaf blight
2020-03-21 19:01:43,489 INFO Superpixel 47 is diseased with Bacterial Leaf blight
2020-03-21 19:01:43,540 INFO Superpixel 48 is diseased with Bacterial Leaf blight
2020-03-21 19:01:43,596 INFO Superpixel 49 is diseased with Bacterial Leaf blight
2020-03-21 19:01:44,720 INFO DSC_0372 done 

2020-03-21 19:01:44,732 INFO DSC_0373(masks) matches DSC_0373(image superpixels) 

2020-03-21 19:01:44,733 INFO Loading image.......
2020-03-21 19:01:44,753 INFO Separating segments....
2020-03-21 19:01:46,695 INFO Superpixel 33 is diseased with Bacterial Leaf blight
2020-03-21 19:01:46,745 INFO Superpixel 34 is diseased with Bacterial Leaf blight
2020-03-21 19:01:46,792 INFO Superpixel 35 is diseased with Bacterial Leaf blight
2020-03-21 19:01:46,875 INFO Superpixel 37 is diseased with Bacterial Leaf blight
2020-03-21 19:01:47,214 INFO Superpixel 45 is diseased with Bacterial Leaf blight
2020-03-21 19:01:47,309 INFO Superpixel 47 is diseased with Bacterial Leaf blight
2020-03-21 19:01:47,363 INFO Superpixel 48 is diseased with Bacterial Leaf blight
2020-03-21 19:01:47,477 INFO Superpixel 50 is diseased with Bacterial Leaf blight
2020-03-21 19:01:47,546 INFO Superpixel 51 is diseased with Bacterial Leaf blight
2020-03-21 19:01:47,614 INFO Superpixel 52 is diseased with Bacterial Leaf blight
2020-03-21 19:01:49,047 INFO DSC_0373 done 

2020-03-21 19:01:49,061 INFO DSC_0374(masks) matches DSC_0374(image superpixels) 

2020-03-21 19:01:49,061 INFO Loading image.......
2020-03-21 19:01:49,084 INFO Separating segments....
2020-03-21 19:01:49,985 INFO Superpixel 12 is diseased with Bacterial Leaf blight
2020-03-21 19:01:50,187 INFO Superpixel 17 is diseased with Bacterial Leaf blight
2020-03-21 19:01:50,424 INFO Superpixel 23 is diseased with Bacterial Leaf blight
2020-03-21 19:01:50,469 INFO Superpixel 24 is diseased with Bacterial Leaf blight
2020-03-21 19:01:50,513 INFO Superpixel 25 is diseased with Bacterial Leaf blight
2020-03-21 19:01:50,559 INFO Superpixel 26 is diseased with Bacterial Leaf blight
2020-03-21 19:01:50,604 INFO Superpixel 27 is diseased with Bacterial Leaf blight
2020-03-21 19:01:50,689 INFO Superpixel 29 is diseased with Bacterial Leaf blight
2020-03-21 19:01:50,735 INFO Superpixel 30 is diseased with Bacterial Leaf blight
2020-03-21 19:01:50,818 INFO Superpixel 32 is diseased with Bacterial Leaf blight
2020-03-21 19:01:50,903 INFO Superpixel 34 is diseased with Bacterial Leaf blight
2020-03-21 19:01:50,951 INFO Superpixel 35 is diseased with Bacterial Leaf blight
2020-03-21 19:01:50,997 INFO Superpixel 36 is diseased with Bacterial Leaf blight
2020-03-21 19:01:51,043 INFO Superpixel 37 is diseased with Bacterial Leaf blight
2020-03-21 19:01:51,091 INFO Superpixel 38 is diseased with Bacterial Leaf blight
2020-03-21 19:01:51,137 INFO Superpixel 39 is diseased with Bacterial Leaf blight
2020-03-21 19:01:51,180 INFO Superpixel 40 is diseased with Bacterial Leaf blight
2020-03-21 19:01:51,225 INFO Superpixel 41 is diseased with Bacterial Leaf blight
2020-03-21 19:01:51,270 INFO Superpixel 42 is diseased with Bacterial Leaf blight
2020-03-21 19:01:51,314 INFO Superpixel 43 is diseased with Bacterial Leaf blight
2020-03-21 19:01:51,359 INFO Superpixel 44 is diseased with Bacterial Leaf blight
2020-03-21 19:01:51,404 INFO Superpixel 45 is diseased with Bacterial Leaf blight
2020-03-21 19:01:51,453 INFO Superpixel 46 is diseased with Bacterial Leaf blight
2020-03-21 19:01:51,497 INFO Superpixel 47 is diseased with Bacterial Leaf blight
2020-03-21 19:01:51,579 INFO Superpixel 49 is diseased with Bacterial Leaf blight
2020-03-21 19:01:51,661 INFO Superpixel 51 is diseased with Bacterial Leaf blight
2020-03-21 19:01:51,705 INFO Superpixel 52 is diseased with Bacterial Leaf blight
2020-03-21 19:01:51,749 INFO Superpixel 53 is diseased with Bacterial Leaf blight
2020-03-21 19:01:51,793 INFO Superpixel 54 is diseased with Bacterial Leaf blight
2020-03-21 19:01:51,875 INFO Superpixel 56 is diseased with Bacterial Leaf blight
2020-03-21 19:01:51,920 INFO Superpixel 57 is diseased with Bacterial Leaf blight
2020-03-21 19:01:51,966 INFO Superpixel 58 is diseased with Bacterial Leaf blight
2020-03-21 19:01:52,859 INFO DSC_0374 done 

2020-03-21 19:01:52,870 INFO DSC_0375(masks) matches DSC_0375(image superpixels) 

2020-03-21 19:01:52,871 INFO Loading image.......
2020-03-21 19:01:52,890 INFO Separating segments....
2020-03-21 19:01:54,285 INFO Superpixel 24 is diseased with Bacterial Leaf blight
2020-03-21 19:01:54,329 INFO Superpixel 25 is diseased with Bacterial Leaf blight
2020-03-21 19:01:54,450 INFO Superpixel 28 is diseased with Bacterial Leaf blight
2020-03-21 19:01:54,494 INFO Superpixel 29 is diseased with Bacterial Leaf blight
2020-03-21 19:01:54,578 INFO Superpixel 31 is diseased with Bacterial Leaf blight
2020-03-21 19:01:54,623 INFO Superpixel 32 is diseased with Bacterial Leaf blight
2020-03-21 19:01:54,706 INFO Superpixel 34 is diseased with Bacterial Leaf blight
2020-03-21 19:01:54,751 INFO Superpixel 35 is diseased with Bacterial Leaf blight
2020-03-21 19:01:55,152 INFO Superpixel 45 is diseased with Bacterial Leaf blight
2020-03-21 19:01:55,235 INFO Superpixel 47 is diseased with Bacterial Leaf blight
2020-03-21 19:01:55,281 INFO Superpixel 48 is diseased with Bacterial Leaf blight
2020-03-21 19:01:55,326 INFO Superpixel 49 is diseased with Bacterial Leaf blight
2020-03-21 19:01:55,370 INFO Superpixel 50 is diseased with Bacterial Leaf blight
2020-03-21 19:01:55,415 INFO Superpixel 51 is diseased with Bacterial Leaf blight
2020-03-21 19:01:55,499 INFO Superpixel 53 is diseased with Bacterial Leaf blight
2020-03-21 19:01:55,544 INFO Superpixel 54 is diseased with Bacterial Leaf blight
2020-03-21 19:01:55,779 INFO Superpixel 60 is diseased with Bacterial Leaf blight
2020-03-21 19:01:56,942 INFO DSC_0375 done 

2020-03-21 19:01:56,955 INFO DSC_0376(masks) matches DSC_0376(image superpixels) 

2020-03-21 19:01:56,956 INFO Loading image.......
2020-03-21 19:01:56,976 INFO Separating segments....
2020-03-21 19:01:58,410 INFO Superpixel 25 is diseased with Bacterial Leaf blight
2020-03-21 19:01:58,762 INFO Superpixel 34 is diseased with Bacterial Leaf blight
2020-03-21 19:01:58,808 INFO Superpixel 35 is diseased with Bacterial Leaf blight
2020-03-21 19:01:58,893 INFO Superpixel 37 is diseased with Bacterial Leaf blight
2020-03-21 19:01:58,938 INFO Superpixel 38 is diseased with Bacterial Leaf blight
2020-03-21 19:01:59,222 INFO Superpixel 45 is diseased with Bacterial Leaf blight
2020-03-21 19:01:59,312 INFO Superpixel 47 is diseased with Bacterial Leaf blight
2020-03-21 19:01:59,357 INFO Superpixel 48 is diseased with Bacterial Leaf blight
2020-03-21 19:01:59,409 INFO Superpixel 49 is diseased with Bacterial Leaf blight
2020-03-21 19:01:59,457 INFO Superpixel 50 is diseased with Bacterial Leaf blight
2020-03-21 19:01:59,505 INFO Superpixel 51 is diseased with Bacterial Leaf blight
2020-03-21 19:01:59,670 INFO Superpixel 55 is diseased with Bacterial Leaf blight
2020-03-21 19:01:59,792 INFO Superpixel 58 is diseased with Bacterial Leaf blight
2020-03-21 19:02:00,850 INFO DSC_0376 done 

2020-03-21 19:02:00,864 INFO DSC_0377(masks) matches DSC_0377(image superpixels) 

2020-03-21 19:02:00,864 INFO Loading image.......
2020-03-21 19:02:00,882 INFO Separating segments....
2020-03-21 19:02:01,940 INFO Superpixel 16 is diseased with Bacterial Leaf blight
2020-03-21 19:02:02,061 INFO Superpixel 19 is diseased with Bacterial Leaf blight
2020-03-21 19:02:02,183 INFO Superpixel 22 is diseased with Bacterial Leaf blight
2020-03-21 19:02:02,652 INFO Superpixel 34 is diseased with Bacterial Leaf blight
2020-03-21 19:02:02,697 INFO Superpixel 35 is diseased with Bacterial Leaf blight
2020-03-21 19:02:02,781 INFO Superpixel 37 is diseased with Bacterial Leaf blight
2020-03-21 19:02:02,826 INFO Superpixel 38 is diseased with Bacterial Leaf blight
2020-03-21 19:02:02,869 INFO Superpixel 39 is diseased with Bacterial Leaf blight
2020-03-21 19:02:02,914 INFO Superpixel 40 is diseased with Bacterial Leaf blight
2020-03-21 19:02:02,958 INFO Superpixel 41 is diseased with Bacterial Leaf blight
2020-03-21 19:02:03,002 INFO Superpixel 42 is diseased with Bacterial Leaf blight
2020-03-21 19:02:03,046 INFO Superpixel 43 is diseased with Bacterial Leaf blight
2020-03-21 19:02:03,090 INFO Superpixel 44 is diseased with Bacterial Leaf blight
2020-03-21 19:02:03,135 INFO Superpixel 45 is diseased with Bacterial Leaf blight
2020-03-21 19:02:03,217 INFO Superpixel 47 is diseased with Bacterial Leaf blight
2020-03-21 19:02:03,261 INFO Superpixel 48 is diseased with Bacterial Leaf blight
2020-03-21 19:02:03,419 INFO Superpixel 52 is diseased with Bacterial Leaf blight
2020-03-21 19:02:03,657 INFO Superpixel 58 is diseased with Bacterial Leaf blight
2020-03-21 19:02:04,723 INFO DSC_0377 done 

2020-03-21 19:02:04,735 INFO DSC_0378(masks) matches DSC_0378(image superpixels) 

2020-03-21 19:02:04,735 INFO Loading image.......
2020-03-21 19:02:04,753 INFO Separating segments....
2020-03-21 19:02:06,332 INFO Superpixel 30 is diseased with Bacterial Leaf blight
2020-03-21 19:02:06,720 INFO Superpixel 40 is diseased with Bacterial Leaf blight
2020-03-21 19:02:06,803 INFO Superpixel 42 is diseased with Bacterial Leaf blight
2020-03-21 19:02:06,961 INFO Superpixel 46 is diseased with Bacterial Leaf blight
2020-03-21 19:02:07,044 INFO Superpixel 48 is diseased with Bacterial Leaf blight
2020-03-21 19:02:07,089 INFO Superpixel 49 is diseased with Bacterial Leaf blight
2020-03-21 19:02:07,133 INFO Superpixel 50 is diseased with Bacterial Leaf blight
2020-03-21 19:02:07,177 INFO Superpixel 51 is diseased with Bacterial Leaf blight
2020-03-21 19:02:07,222 INFO Superpixel 52 is diseased with Bacterial Leaf blight
2020-03-21 19:02:08,265 INFO DSC_0378 done 

2020-03-21 19:02:08,277 INFO DSC_0379(masks) matches DSC_0379(image superpixels) 

2020-03-21 19:02:08,277 INFO Loading image.......
2020-03-21 19:02:08,297 INFO Separating segments....
2020-03-21 19:02:10,032 INFO Superpixel 34 is diseased with Bacterial Leaf blight
2020-03-21 19:02:10,076 INFO Superpixel 35 is diseased with Bacterial Leaf blight
2020-03-21 19:02:10,120 INFO Superpixel 36 is diseased with Bacterial Leaf blight
2020-03-21 19:02:10,165 INFO Superpixel 37 is diseased with Bacterial Leaf blight
2020-03-21 19:02:10,284 INFO Superpixel 40 is diseased with Bacterial Leaf blight
2020-03-21 19:02:10,443 INFO Superpixel 44 is diseased with Bacterial Leaf blight
2020-03-21 19:02:10,489 INFO Superpixel 45 is diseased with Bacterial Leaf blight
2020-03-21 19:02:10,609 INFO Superpixel 48 is diseased with Bacterial Leaf blight
2020-03-21 19:02:10,692 INFO Superpixel 50 is diseased with Bacterial Leaf blight
2020-03-21 19:02:10,738 INFO Superpixel 51 is diseased with Bacterial Leaf blight
2020-03-21 19:02:10,870 INFO Superpixel 54 is diseased with Bacterial Leaf blight
2020-03-21 19:02:10,932 INFO Superpixel 55 is diseased with Bacterial Leaf blight
2020-03-21 19:02:10,989 INFO Superpixel 56 is diseased with Bacterial Leaf blight
2020-03-21 19:02:11,032 INFO Superpixel 57 is diseased with Bacterial Leaf blight
2020-03-21 19:02:11,076 INFO Superpixel 58 is diseased with Bacterial Leaf blight
2020-03-21 19:02:11,122 INFO Superpixel 59 is diseased with Bacterial Leaf blight
2020-03-21 19:02:11,167 INFO Superpixel 60 is diseased with Bacterial Leaf blight
2020-03-21 19:02:11,211 INFO Superpixel 61 is diseased with Bacterial Leaf blight
2020-03-21 19:02:11,294 INFO Superpixel 63 is diseased with Bacterial Leaf blight
2020-03-21 19:02:12,103 INFO DSC_0379 done 

2020-03-21 19:02:12,115 INFO DSC_0381(masks) matches DSC_0381(image superpixels) 

2020-03-21 19:02:12,115 INFO Loading image.......
2020-03-21 19:02:12,137 INFO Separating segments....
2020-03-21 19:02:13,416 INFO Superpixel 22 is diseased with Bacterial Leaf blight
2020-03-21 19:02:13,767 INFO Superpixel 31 is diseased with Bacterial Leaf blight
2020-03-21 19:02:13,810 INFO Superpixel 32 is diseased with Bacterial Leaf blight
2020-03-21 19:02:13,857 INFO Superpixel 33 is diseased with Bacterial Leaf blight
2020-03-21 19:02:13,901 INFO Superpixel 34 is diseased with Bacterial Leaf blight
2020-03-21 19:02:13,945 INFO Superpixel 35 is diseased with Bacterial Leaf blight
2020-03-21 19:02:13,990 INFO Superpixel 36 is diseased with Bacterial Leaf blight
2020-03-21 19:02:14,035 INFO Superpixel 37 is diseased with Bacterial Leaf blight
2020-03-21 19:02:14,078 INFO Superpixel 38 is diseased with Bacterial Leaf blight
2020-03-21 19:02:14,123 INFO Superpixel 39 is diseased with Bacterial Leaf blight
2020-03-21 19:02:14,167 INFO Superpixel 40 is diseased with Bacterial Leaf blight
2020-03-21 19:02:14,211 INFO Superpixel 41 is diseased with Bacterial Leaf blight
2020-03-21 19:02:14,256 INFO Superpixel 42 is diseased with Bacterial Leaf blight
2020-03-21 19:02:14,300 INFO Superpixel 43 is diseased with Bacterial Leaf blight
2020-03-21 19:02:14,344 INFO Superpixel 44 is diseased with Bacterial Leaf blight
2020-03-21 19:02:14,389 INFO Superpixel 45 is diseased with Bacterial Leaf blight
2020-03-21 19:02:14,433 INFO Superpixel 46 is diseased with Bacterial Leaf blight
2020-03-21 19:02:14,477 INFO Superpixel 47 is diseased with Bacterial Leaf blight
2020-03-21 19:02:14,521 INFO Superpixel 48 is diseased with Bacterial Leaf blight
2020-03-21 19:02:14,566 INFO Superpixel 49 is diseased with Bacterial Leaf blight
2020-03-21 19:02:14,685 INFO Superpixel 52 is diseased with Bacterial Leaf blight
2020-03-21 19:02:14,767 INFO Superpixel 54 is diseased with Bacterial Leaf blight
2020-03-21 19:02:15,685 INFO DSC_0381 done 

2020-03-21 19:02:15,707 INFO DSC_0382(masks) matches DSC_0382(image superpixels) 

2020-03-21 19:02:15,707 INFO Loading image.......
2020-03-21 19:02:15,726 INFO Separating segments....
2020-03-21 19:02:17,079 INFO Superpixel 24 is diseased with Bacterial Leaf blight
2020-03-21 19:02:17,124 INFO Superpixel 25 is diseased with Bacterial Leaf blight
2020-03-21 19:02:17,406 INFO Superpixel 32 is diseased with Bacterial Leaf blight
2020-03-21 19:02:17,566 INFO Superpixel 36 is diseased with Bacterial Leaf blight
2020-03-21 19:02:17,610 INFO Superpixel 37 is diseased with Bacterial Leaf blight
2020-03-21 19:02:17,656 INFO Superpixel 38 is diseased with Bacterial Leaf blight
2020-03-21 19:02:17,704 INFO Superpixel 39 is diseased with Bacterial Leaf blight
2020-03-21 19:02:17,747 INFO Superpixel 40 is diseased with Bacterial Leaf blight
2020-03-21 19:02:17,793 INFO Superpixel 41 is diseased with Bacterial Leaf blight
2020-03-21 19:02:17,838 INFO Superpixel 42 is diseased with Bacterial Leaf blight
2020-03-21 19:02:17,958 INFO Superpixel 45 is diseased with Bacterial Leaf blight
2020-03-21 19:02:18,002 INFO Superpixel 46 is diseased with Bacterial Leaf blight
2020-03-21 19:02:18,046 INFO Superpixel 47 is diseased with Bacterial Leaf blight
2020-03-21 19:02:18,091 INFO Superpixel 48 is diseased with Bacterial Leaf blight
2020-03-21 19:02:18,136 INFO Superpixel 49 is diseased with Bacterial Leaf blight
2020-03-21 19:02:18,181 INFO Superpixel 50 is diseased with Bacterial Leaf blight
2020-03-21 19:02:18,225 INFO Superpixel 51 is diseased with Bacterial Leaf blight
2020-03-21 19:02:18,270 INFO Superpixel 52 is diseased with Bacterial Leaf blight
2020-03-21 19:02:18,314 INFO Superpixel 53 is diseased with Bacterial Leaf blight
2020-03-21 19:02:18,359 INFO Superpixel 54 is diseased with Bacterial Leaf blight
2020-03-21 19:02:18,403 INFO Superpixel 55 is diseased with Bacterial Leaf blight
2020-03-21 19:02:18,447 INFO Superpixel 56 is diseased with Bacterial Leaf blight
2020-03-21 19:02:18,492 INFO Superpixel 57 is diseased with Bacterial Leaf blight
2020-03-21 19:02:19,574 INFO DSC_0382 done 

2020-03-21 19:02:19,586 INFO DSC_0383(masks) matches DSC_0383(image superpixels) 

2020-03-21 19:02:19,586 INFO Loading image.......
2020-03-21 19:02:19,604 INFO Separating segments....
2020-03-21 19:02:20,862 INFO Superpixel 22 is diseased with Bacterial Leaf blight
2020-03-21 19:02:21,020 INFO Superpixel 26 is diseased with Bacterial Leaf blight
2020-03-21 19:02:21,376 INFO Superpixel 35 is diseased with Bacterial Leaf blight
2020-03-21 19:02:21,463 INFO Superpixel 37 is diseased with Bacterial Leaf blight
2020-03-21 19:02:21,660 INFO Superpixel 42 is diseased with Bacterial Leaf blight
2020-03-21 19:02:21,705 INFO Superpixel 43 is diseased with Bacterial Leaf blight
2020-03-21 19:02:21,748 INFO Superpixel 44 is diseased with Bacterial Leaf blight
2020-03-21 19:02:21,792 INFO Superpixel 45 is diseased with Bacterial Leaf blight
2020-03-21 19:02:21,837 INFO Superpixel 46 is diseased with Bacterial Leaf blight
2020-03-21 19:02:21,920 INFO Superpixel 48 is diseased with Bacterial Leaf blight
2020-03-21 19:02:21,965 INFO Superpixel 49 is diseased with Bacterial Leaf blight
2020-03-21 19:02:22,048 INFO Superpixel 51 is diseased with Bacterial Leaf blight
2020-03-21 19:02:22,862 INFO DSC_0383 done 

2020-03-21 19:02:22,875 INFO DSC_0384(masks) matches DSC_0384(image superpixels) 

2020-03-21 19:02:22,875 INFO Loading image.......
2020-03-21 19:02:22,897 INFO Separating segments....
2020-03-21 19:02:24,611 INFO Superpixel 33 is diseased with Bacterial Leaf blight
2020-03-21 19:02:24,811 INFO Superpixel 38 is diseased with Bacterial Leaf blight
2020-03-21 19:02:24,855 INFO Superpixel 39 is diseased with Bacterial Leaf blight
2020-03-21 19:02:24,900 INFO Superpixel 40 is diseased with Bacterial Leaf blight
2020-03-21 19:02:24,944 INFO Superpixel 41 is diseased with Bacterial Leaf blight
2020-03-21 19:02:24,989 INFO Superpixel 42 is diseased with Bacterial Leaf blight
2020-03-21 19:02:25,073 INFO Superpixel 44 is diseased with Bacterial Leaf blight
2020-03-21 19:02:25,124 INFO Superpixel 45 is diseased with Bacterial Leaf blight
2020-03-21 19:02:25,208 INFO Superpixel 47 is diseased with Bacterial Leaf blight
2020-03-21 19:02:25,254 INFO Superpixel 48 is diseased with Bacterial Leaf blight
2020-03-21 19:02:25,298 INFO Superpixel 49 is diseased with Bacterial Leaf blight
2020-03-21 19:02:25,343 INFO Superpixel 50 is diseased with Bacterial Leaf blight
2020-03-21 19:02:25,389 INFO Superpixel 51 is diseased with Bacterial Leaf blight
2020-03-21 19:02:25,434 INFO Superpixel 52 is diseased with Bacterial Leaf blight
2020-03-21 19:02:25,481 INFO Superpixel 53 is diseased with Bacterial Leaf blight
2020-03-21 19:02:25,525 INFO Superpixel 54 is diseased with Bacterial Leaf blight
2020-03-21 19:02:25,569 INFO Superpixel 55 is diseased with Bacterial Leaf blight
2020-03-21 19:02:25,615 INFO Superpixel 56 is diseased with Bacterial Leaf blight
2020-03-21 19:02:25,659 INFO Superpixel 57 is diseased with Bacterial Leaf blight
2020-03-21 19:02:25,708 INFO Superpixel 58 is diseased with Bacterial Leaf blight
2020-03-21 19:02:25,762 INFO Superpixel 59 is diseased with Bacterial Leaf blight
2020-03-21 19:02:25,806 INFO Superpixel 60 is diseased with Bacterial Leaf blight
2020-03-21 19:02:25,855 INFO Superpixel 61 is diseased with Bacterial Leaf blight
2020-03-21 19:02:25,903 INFO Superpixel 62 is diseased with Bacterial Leaf blight
2020-03-21 19:02:25,953 INFO Superpixel 63 is diseased with Bacterial Leaf blight
2020-03-21 19:02:25,998 INFO Superpixel 64 is diseased with Bacterial Leaf blight
2020-03-21 19:02:26,236 INFO Superpixel 70 is diseased with Bacterial Leaf blight
2020-03-21 19:02:26,282 INFO Superpixel 71 is diseased with Bacterial Leaf blight
2020-03-21 19:02:26,969 INFO DSC_0384 done 

2020-03-21 19:02:26,982 INFO DSC_0385(masks) matches DSC_0385(image superpixels) 

2020-03-21 19:02:26,982 INFO Loading image.......
2020-03-21 19:02:27,002 INFO Separating segments....
2020-03-21 19:02:29,135 INFO Superpixel 43 is diseased with Bacterial Leaf blight
2020-03-21 19:02:29,181 INFO Superpixel 44 is diseased with Bacterial Leaf blight
2020-03-21 19:02:29,224 INFO Superpixel 45 is diseased with Bacterial Leaf blight
2020-03-21 19:02:29,423 INFO Superpixel 50 is diseased with Bacterial Leaf blight
2020-03-21 19:02:30,792 INFO DSC_0385 done 

2020-03-21 19:02:30,806 INFO DSC_0386(masks) matches DSC_0386(image superpixels) 

2020-03-21 19:02:30,806 INFO Loading image.......
2020-03-21 19:02:30,824 INFO Separating segments....
2020-03-21 19:02:33,504 INFO Superpixel 56 is diseased with Bacterial Leaf blight
2020-03-21 19:02:33,549 INFO Superpixel 57 is diseased with Bacterial Leaf blight
2020-03-21 19:02:33,594 INFO Superpixel 58 is diseased with Bacterial Leaf blight
2020-03-21 19:02:33,639 INFO Superpixel 59 is diseased with Bacterial Leaf blight
2020-03-21 19:02:33,685 INFO Superpixel 60 is diseased with Bacterial Leaf blight
2020-03-21 19:02:33,805 INFO Superpixel 63 is diseased with Bacterial Leaf blight
2020-03-21 19:02:33,889 INFO Superpixel 65 is diseased with Bacterial Leaf blight
2020-03-21 19:02:34,848 INFO DSC_0386 done 

2020-03-21 19:02:34,860 INFO DSC_0388(masks) matches DSC_0388(image superpixels) 

2020-03-21 19:02:34,860 INFO Loading image.......
2020-03-21 19:02:34,879 INFO Separating segments....
2020-03-21 19:02:35,568 INFO Superpixel 7 is diseased with Bacterial Leaf blight
2020-03-21 19:02:35,612 INFO Superpixel 8 is diseased with Bacterial Leaf blight
2020-03-21 19:02:35,657 INFO Superpixel 9 is diseased with Bacterial Leaf blight
2020-03-21 19:02:35,700 INFO Superpixel 10 is diseased with Bacterial Leaf blight
2020-03-21 19:02:35,744 INFO Superpixel 11 is diseased with Bacterial Leaf blight
2020-03-21 19:02:35,787 INFO Superpixel 12 is diseased with Bacterial Leaf blight
2020-03-21 19:02:35,832 INFO Superpixel 13 is diseased with Bacterial Leaf blight
2020-03-21 19:02:36,305 INFO Superpixel 25 is diseased with Bacterial Leaf blight
2020-03-21 19:02:36,356 INFO Superpixel 26 is diseased with Bacterial Leaf blight
2020-03-21 19:02:36,406 INFO Superpixel 27 is diseased with Bacterial Leaf blight
2020-03-21 19:02:36,498 INFO Superpixel 29 is diseased with Bacterial Leaf blight
2020-03-21 19:02:36,670 INFO Superpixel 33 is diseased with Bacterial Leaf blight
2020-03-21 19:02:36,764 INFO Superpixel 35 is diseased with Bacterial Leaf blight
2020-03-21 19:02:38,585 INFO DSC_0388 done 

2020-03-21 19:02:38,598 INFO DSC_0389(masks) matches DSC_0389(image superpixels) 

2020-03-21 19:02:38,598 INFO Loading image.......
2020-03-21 19:02:38,617 INFO Separating segments....
2020-03-21 19:02:39,898 INFO Superpixel 22 is diseased with Bacterial Leaf blight
2020-03-21 19:02:39,979 INFO Superpixel 24 is diseased with Bacterial Leaf blight
2020-03-21 19:02:40,138 INFO Superpixel 28 is diseased with Bacterial Leaf blight
2020-03-21 19:02:40,262 INFO Superpixel 31 is diseased with Bacterial Leaf blight
2020-03-21 19:02:40,306 INFO Superpixel 32 is diseased with Bacterial Leaf blight
2020-03-21 19:02:40,349 INFO Superpixel 33 is diseased with Bacterial Leaf blight
2020-03-21 19:02:40,392 INFO Superpixel 34 is diseased with Bacterial Leaf blight
2020-03-21 19:02:40,437 INFO Superpixel 35 is diseased with Bacterial Leaf blight
2020-03-21 19:02:40,482 INFO Superpixel 36 is diseased with Bacterial Leaf blight
2020-03-21 19:02:40,527 INFO Superpixel 37 is diseased with Bacterial Leaf blight
2020-03-21 19:02:40,572 INFO Superpixel 38 is diseased with Bacterial Leaf blight
2020-03-21 19:02:40,616 INFO Superpixel 39 is diseased with Bacterial Leaf blight
2020-03-21 19:02:40,660 INFO Superpixel 40 is diseased with Bacterial Leaf blight
2020-03-21 19:02:40,855 INFO Superpixel 45 is diseased with Bacterial Leaf blight
2020-03-21 19:02:40,939 INFO Superpixel 47 is diseased with Bacterial Leaf blight
2020-03-21 19:02:41,021 INFO Superpixel 49 is diseased with Bacterial Leaf blight
2020-03-21 19:02:41,105 INFO Superpixel 51 is diseased with Bacterial Leaf blight
2020-03-21 19:02:41,150 INFO Superpixel 52 is diseased with Bacterial Leaf blight
2020-03-21 19:02:42,417 INFO DSC_0389 done 

2020-03-21 19:02:42,431 INFO DSC_0390(masks) matches DSC_0390(image superpixels) 

2020-03-21 19:02:42,431 INFO Loading image.......
2020-03-21 19:02:42,452 INFO Separating segments....
2020-03-21 19:02:45,327 INFO Superpixel 52 is diseased with Bacterial Leaf blight
2020-03-21 19:02:45,424 INFO Superpixel 54 is diseased with Bacterial Leaf blight
2020-03-21 19:02:45,481 INFO Superpixel 55 is diseased with Bacterial Leaf blight
2020-03-21 19:02:45,546 INFO Superpixel 56 is diseased with Bacterial Leaf blight
2020-03-21 19:02:45,604 INFO Superpixel 57 is diseased with Bacterial Leaf blight
2020-03-21 19:02:45,695 INFO Superpixel 59 is diseased with Bacterial Leaf blight
2020-03-21 19:02:45,742 INFO Superpixel 60 is diseased with Bacterial Leaf blight
2020-03-21 19:02:45,825 INFO Superpixel 62 is diseased with Bacterial Leaf blight
2020-03-21 19:02:45,872 INFO Superpixel 63 is diseased with Bacterial Leaf blight
2020-03-21 19:02:45,918 INFO Superpixel 64 is diseased with Bacterial Leaf blight
2020-03-21 19:02:45,975 INFO Superpixel 65 is diseased with Bacterial Leaf blight
2020-03-21 19:02:46,024 INFO Superpixel 66 is diseased with Bacterial Leaf blight
2020-03-21 19:02:46,078 INFO Superpixel 67 is diseased with Bacterial Leaf blight
2020-03-21 19:02:46,939 INFO DSC_0390 done 

2020-03-21 19:02:46,951 INFO DSC_0392(masks) matches DSC_0392(image superpixels) 

2020-03-21 19:02:46,951 INFO Loading image.......
2020-03-21 19:02:46,971 INFO Separating segments....
2020-03-21 19:02:47,755 INFO Superpixel 8 is diseased with Bacterial Leaf blight
2020-03-21 19:02:47,879 INFO Superpixel 11 is diseased with Bacterial Leaf blight
2020-03-21 19:02:48,411 INFO Superpixel 24 is diseased with Bacterial Leaf blight
2020-03-21 19:02:48,704 INFO Superpixel 31 is diseased with Bacterial Leaf blight
2020-03-21 19:02:48,751 INFO Superpixel 32 is diseased with Bacterial Leaf blight
2020-03-21 19:02:48,796 INFO Superpixel 33 is diseased with Bacterial Leaf blight
2020-03-21 19:02:48,842 INFO Superpixel 34 is diseased with Bacterial Leaf blight
2020-03-21 19:02:48,937 INFO Superpixel 36 is diseased with Bacterial Leaf blight
2020-03-21 19:02:49,024 INFO Superpixel 38 is diseased with Bacterial Leaf blight
2020-03-21 19:02:49,067 INFO Superpixel 39 is diseased with Bacterial Leaf blight
2020-03-21 19:02:49,112 INFO Superpixel 40 is diseased with Bacterial Leaf blight
2020-03-21 19:02:49,326 INFO Superpixel 45 is diseased with Bacterial Leaf blight
2020-03-21 19:02:49,372 INFO Superpixel 46 is diseased with Bacterial Leaf blight
2020-03-21 19:02:49,506 INFO Superpixel 49 is diseased with Bacterial Leaf blight
2020-03-21 19:02:49,708 INFO Superpixel 54 is diseased with Bacterial Leaf blight
2020-03-21 19:02:49,764 INFO Superpixel 55 is diseased with Bacterial Leaf blight
2020-03-21 19:02:49,816 INFO Superpixel 56 is diseased with Bacterial Leaf blight
2020-03-21 19:02:50,908 INFO DSC_0392 done 

2020-03-21 19:02:50,921 INFO DSC_0393(masks) matches DSC_0393(image superpixels) 

2020-03-21 19:02:50,921 INFO Loading image.......
2020-03-21 19:02:50,940 INFO Separating segments....
2020-03-21 19:02:51,597 INFO Superpixel 6 is diseased with Bacterial Leaf blight
2020-03-21 19:02:51,643 INFO Superpixel 7 is diseased with Bacterial Leaf blight
2020-03-21 19:02:51,687 INFO Superpixel 8 is diseased with Bacterial Leaf blight
2020-03-21 19:02:51,731 INFO Superpixel 9 is diseased with Bacterial Leaf blight
2020-03-21 19:02:51,776 INFO Superpixel 10 is diseased with Bacterial Leaf blight
2020-03-21 19:02:51,820 INFO Superpixel 11 is diseased with Bacterial Leaf blight
2020-03-21 19:02:52,363 INFO Superpixel 25 is diseased with Bacterial Leaf blight
2020-03-21 19:02:52,753 INFO Superpixel 35 is diseased with Bacterial Leaf blight
2020-03-21 19:02:52,874 INFO Superpixel 38 is diseased with Bacterial Leaf blight
2020-03-21 19:02:52,958 INFO Superpixel 40 is diseased with Bacterial Leaf blight
2020-03-21 19:02:53,001 INFO Superpixel 41 is diseased with Bacterial Leaf blight
2020-03-21 19:02:53,082 INFO Superpixel 43 is diseased with Bacterial Leaf blight
2020-03-21 19:02:54,154 INFO DSC_0393 done 

2020-03-21 19:02:54,166 INFO DSC_0395(masks) matches DSC_0395(image superpixels) 

2020-03-21 19:02:54,166 INFO Loading image.......
2020-03-21 19:02:54,185 INFO Separating segments....
2020-03-21 19:02:55,605 INFO Superpixel 25 is diseased with Bacterial Leaf blight
2020-03-21 19:02:56,080 INFO Superpixel 37 is diseased with Bacterial Leaf blight
2020-03-21 19:02:56,125 INFO Superpixel 38 is diseased with Bacterial Leaf blight
2020-03-21 19:02:56,172 INFO Superpixel 39 is diseased with Bacterial Leaf blight
2020-03-21 19:02:56,257 INFO Superpixel 41 is diseased with Bacterial Leaf blight
2020-03-21 19:02:56,301 INFO Superpixel 42 is diseased with Bacterial Leaf blight
2020-03-21 19:02:56,344 INFO Superpixel 43 is diseased with Bacterial Leaf blight
2020-03-21 19:02:56,390 INFO Superpixel 44 is diseased with Bacterial Leaf blight
2020-03-21 19:02:56,434 INFO Superpixel 45 is diseased with Bacterial Leaf blight
2020-03-21 19:02:56,488 INFO Superpixel 46 is diseased with Bacterial Leaf blight
2020-03-21 19:02:56,537 INFO Superpixel 47 is diseased with Bacterial Leaf blight
2020-03-21 19:02:56,581 INFO Superpixel 48 is diseased with Bacterial Leaf blight
2020-03-21 19:02:58,299 INFO DSC_0395 done 

2020-03-21 19:02:58,311 INFO DSC_0397(masks) matches DSC_0397(image superpixels) 

2020-03-21 19:02:58,312 INFO Loading image.......
2020-03-21 19:02:58,333 INFO Separating segments....
2020-03-21 19:03:00,878 INFO Superpixel 41 is diseased with Bacterial Leaf blight
2020-03-21 19:03:01,041 INFO Superpixel 45 is diseased with Bacterial Leaf blight
2020-03-21 19:03:01,176 INFO Superpixel 48 is diseased with Bacterial Leaf blight
2020-03-21 19:03:01,261 INFO Superpixel 50 is diseased with Bacterial Leaf blight
2020-03-21 19:03:01,391 INFO Superpixel 53 is diseased with Bacterial Leaf blight
2020-03-21 19:03:01,441 INFO Superpixel 54 is diseased with Bacterial Leaf blight
2020-03-21 19:03:01,488 INFO Superpixel 55 is diseased with Bacterial Leaf blight
2020-03-21 19:03:01,534 INFO Superpixel 56 is diseased with Bacterial Leaf blight
2020-03-21 19:03:01,581 INFO Superpixel 57 is diseased with Bacterial Leaf blight
2020-03-21 19:03:01,626 INFO Superpixel 58 is diseased with Bacterial Leaf blight
2020-03-21 19:03:01,672 INFO Superpixel 59 is diseased with Bacterial Leaf blight
2020-03-21 19:03:01,717 INFO Superpixel 60 is diseased with Bacterial Leaf blight
2020-03-21 19:03:01,762 INFO Superpixel 61 is diseased with Bacterial Leaf blight
2020-03-21 19:03:01,809 INFO Superpixel 62 is diseased with Bacterial Leaf blight
2020-03-21 19:03:01,855 INFO Superpixel 63 is diseased with Bacterial Leaf blight
2020-03-21 19:03:01,900 INFO Superpixel 64 is diseased with Bacterial Leaf blight
2020-03-21 19:03:01,947 INFO Superpixel 65 is diseased with Bacterial Leaf blight
2020-03-21 19:03:02,033 INFO Superpixel 67 is diseased with Bacterial Leaf blight
2020-03-21 19:03:02,158 INFO Superpixel 70 is diseased with Bacterial Leaf blight
2020-03-21 19:03:02,781 INFO DSC_0397 done 

2020-03-21 19:03:02,793 INFO DSC_0398(masks) matches DSC_0398(image superpixels) 

2020-03-21 19:03:02,793 INFO Loading image.......
2020-03-21 19:03:02,811 INFO Separating segments....
2020-03-21 19:03:04,030 INFO Superpixel 21 is diseased with Bacterial Leaf blight
2020-03-21 19:03:04,193 INFO Superpixel 25 is diseased with Bacterial Leaf blight
2020-03-21 19:03:04,584 INFO Superpixel 35 is diseased with Bacterial Leaf blight
2020-03-21 19:03:04,630 INFO Superpixel 36 is diseased with Bacterial Leaf blight
2020-03-21 19:03:04,711 INFO Superpixel 38 is diseased with Bacterial Leaf blight
2020-03-21 19:03:04,756 INFO Superpixel 39 is diseased with Bacterial Leaf blight
2020-03-21 19:03:04,842 INFO Superpixel 41 is diseased with Bacterial Leaf blight
2020-03-21 19:03:04,887 INFO Superpixel 42 is diseased with Bacterial Leaf blight
2020-03-21 19:03:04,992 INFO Superpixel 44 is diseased with Bacterial Leaf blight
2020-03-21 19:03:05,114 INFO Superpixel 47 is diseased with Bacterial Leaf blight
2020-03-21 19:03:05,159 INFO Superpixel 48 is diseased with Bacterial Leaf blight
2020-03-21 19:03:05,202 INFO Superpixel 49 is diseased with Bacterial Leaf blight
2020-03-21 19:03:05,323 INFO Superpixel 52 is diseased with Bacterial Leaf blight
2020-03-21 19:03:06,241 INFO DSC_0398 done 

2020-03-21 19:03:06,254 INFO DSC_0399(masks) matches DSC_0399(image superpixels) 

2020-03-21 19:03:06,254 INFO Loading image.......
2020-03-21 19:03:06,272 INFO Separating segments....
2020-03-21 19:03:08,562 INFO Superpixel 48 is diseased with Bacterial Leaf blight
2020-03-21 19:03:08,605 INFO Superpixel 49 is diseased with Bacterial Leaf blight
2020-03-21 19:03:08,689 INFO Superpixel 51 is diseased with Bacterial Leaf blight
2020-03-21 19:03:08,733 INFO Superpixel 52 is diseased with Bacterial Leaf blight
2020-03-21 19:03:08,854 INFO Superpixel 55 is diseased with Bacterial Leaf blight
2020-03-21 19:03:08,935 INFO Superpixel 57 is diseased with Bacterial Leaf blight
2020-03-21 19:03:08,979 INFO Superpixel 58 is diseased with Bacterial Leaf blight
2020-03-21 19:03:09,024 INFO Superpixel 59 is diseased with Bacterial Leaf blight
2020-03-21 19:03:09,069 INFO Superpixel 60 is diseased with Bacterial Leaf blight
2020-03-21 19:03:09,118 INFO Superpixel 61 is diseased with Bacterial Leaf blight
2020-03-21 19:03:09,163 INFO Superpixel 62 is diseased with Bacterial Leaf blight
2020-03-21 19:03:09,207 INFO Superpixel 63 is diseased with Bacterial Leaf blight
2020-03-21 19:03:09,441 INFO Superpixel 69 is diseased with Bacterial Leaf blight
2020-03-21 19:03:09,486 INFO Superpixel 70 is diseased with Bacterial Leaf blight
2020-03-21 19:03:09,530 INFO Superpixel 71 is diseased with Bacterial Leaf blight
2020-03-21 19:03:10,260 INFO DSC_0399 done 

2020-03-21 19:03:10,271 INFO DSC_0400(masks) matches DSC_0400(image superpixels) 

2020-03-21 19:03:10,271 INFO Loading image.......
2020-03-21 19:03:10,291 INFO Separating segments....
2020-03-21 19:03:12,414 INFO Superpixel 43 is diseased with Bacterial Leaf blight
2020-03-21 19:03:12,458 INFO Superpixel 44 is diseased with Bacterial Leaf blight
2020-03-21 19:03:12,502 INFO Superpixel 45 is diseased with Bacterial Leaf blight
2020-03-21 19:03:12,547 INFO Superpixel 46 is diseased with Bacterial Leaf blight
2020-03-21 19:03:12,742 INFO Superpixel 51 is diseased with Bacterial Leaf blight
2020-03-21 19:03:12,901 INFO Superpixel 55 is diseased with Bacterial Leaf blight
2020-03-21 19:03:12,946 INFO Superpixel 56 is diseased with Bacterial Leaf blight
2020-03-21 19:03:14,285 INFO DSC_0400 done 

2020-03-21 19:03:14,297 INFO DSC_0401(masks) matches DSC_0401(image superpixels) 

2020-03-21 19:03:14,297 INFO Loading image.......
2020-03-21 19:03:14,316 INFO Separating segments....
2020-03-21 19:03:15,631 INFO Superpixel 22 is diseased with Bacterial Leaf blight
2020-03-21 19:03:16,066 INFO Superpixel 33 is diseased with Bacterial Leaf blight
2020-03-21 19:03:16,534 INFO Superpixel 45 is diseased with Bacterial Leaf blight
2020-03-21 19:03:16,654 INFO Superpixel 48 is diseased with Bacterial Leaf blight
2020-03-21 19:03:16,697 INFO Superpixel 49 is diseased with Bacterial Leaf blight
2020-03-21 19:03:16,742 INFO Superpixel 50 is diseased with Bacterial Leaf blight
2020-03-21 19:03:16,786 INFO Superpixel 51 is diseased with Bacterial Leaf blight
2020-03-21 19:03:16,831 INFO Superpixel 52 is diseased with Bacterial Leaf blight
2020-03-21 19:03:16,875 INFO Superpixel 53 is diseased with Bacterial Leaf blight
2020-03-21 19:03:16,920 INFO Superpixel 54 is diseased with Bacterial Leaf blight
2020-03-21 19:03:17,000 INFO Superpixel 56 is diseased with Bacterial Leaf blight
2020-03-21 19:03:17,163 INFO Superpixel 60 is diseased with Bacterial Leaf blight
2020-03-21 19:03:17,208 INFO Superpixel 61 is diseased with Bacterial Leaf blight
2020-03-21 19:03:18,091 INFO DSC_0401 done 

2020-03-21 19:03:18,102 INFO DSC_0402(masks) matches DSC_0402(image superpixels) 

2020-03-21 19:03:18,102 INFO Loading image.......
2020-03-21 19:03:18,120 INFO Separating segments....
2020-03-21 19:03:19,898 INFO Superpixel 35 is diseased with Bacterial Leaf blight
2020-03-21 19:03:19,943 INFO Superpixel 36 is diseased with Bacterial Leaf blight
2020-03-21 19:03:19,987 INFO Superpixel 37 is diseased with Bacterial Leaf blight
2020-03-21 19:03:20,033 INFO Superpixel 38 is diseased with Bacterial Leaf blight
2020-03-21 19:03:20,078 INFO Superpixel 39 is diseased with Bacterial Leaf blight
2020-03-21 19:03:20,165 INFO Superpixel 41 is diseased with Bacterial Leaf blight
2020-03-21 19:03:20,248 INFO Superpixel 43 is diseased with Bacterial Leaf blight
2020-03-21 19:03:20,332 INFO Superpixel 45 is diseased with Bacterial Leaf blight
2020-03-21 19:03:20,376 INFO Superpixel 46 is diseased with Bacterial Leaf blight
2020-03-21 19:03:20,420 INFO Superpixel 47 is diseased with Bacterial Leaf blight
2020-03-21 19:03:20,465 INFO Superpixel 48 is diseased with Bacterial Leaf blight
2020-03-21 19:03:20,510 INFO Superpixel 49 is diseased with Bacterial Leaf blight
2020-03-21 19:03:20,553 INFO Superpixel 50 is diseased with Bacterial Leaf blight
2020-03-21 19:03:20,599 INFO Superpixel 51 is diseased with Bacterial Leaf blight
2020-03-21 19:03:20,680 INFO Superpixel 53 is diseased with Bacterial Leaf blight
2020-03-21 19:03:20,765 INFO Superpixel 55 is diseased with Bacterial Leaf blight
2020-03-21 19:03:20,885 INFO Superpixel 58 is diseased with Bacterial Leaf blight
2020-03-21 19:03:20,929 INFO Superpixel 59 is diseased with Bacterial Leaf blight
2020-03-21 19:03:21,970 INFO DSC_0402 done 

2020-03-21 19:03:21,982 INFO DSC_0403(masks) matches DSC_0403(image superpixels) 

2020-03-21 19:03:21,983 INFO Loading image.......
2020-03-21 19:03:22,003 INFO Separating segments....
2020-03-21 19:03:23,418 INFO Superpixel 26 is diseased with Bacterial Leaf blight
2020-03-21 19:03:23,506 INFO Superpixel 28 is diseased with Bacterial Leaf blight
2020-03-21 19:03:23,553 INFO Superpixel 29 is diseased with Bacterial Leaf blight
2020-03-21 19:03:23,636 INFO Superpixel 31 is diseased with Bacterial Leaf blight
2020-03-21 19:03:23,721 INFO Superpixel 33 is diseased with Bacterial Leaf blight
2020-03-21 19:03:24,579 INFO Superpixel 52 is diseased with Bacterial Leaf blight
2020-03-21 19:03:24,624 INFO Superpixel 53 is diseased with Bacterial Leaf blight
2020-03-21 19:03:24,668 INFO Superpixel 54 is diseased with Bacterial Leaf blight
2020-03-21 19:03:24,713 INFO Superpixel 55 is diseased with Bacterial Leaf blight
2020-03-21 19:03:24,927 INFO Superpixel 60 is diseased with Bacterial Leaf blight
2020-03-21 19:03:25,718 INFO DSC_0403 done 

2020-03-21 19:03:25,732 INFO DSC_0405(masks) matches DSC_0405(image superpixels) 

2020-03-21 19:03:25,732 INFO Loading image.......
2020-03-21 19:03:25,751 INFO Separating segments....
2020-03-21 19:03:26,215 INFO Superpixel 1 is diseased with Bacterial Leaf blight
2020-03-21 19:03:26,287 INFO Superpixel 2 is diseased with Bacterial Leaf blight
2020-03-21 19:03:26,369 INFO Superpixel 3 is diseased with Bacterial Leaf blight
2020-03-21 19:03:26,416 INFO Superpixel 4 is diseased with Bacterial Leaf blight
2020-03-21 19:03:26,467 INFO Superpixel 5 is diseased with Bacterial Leaf blight
2020-03-21 19:03:26,516 INFO Superpixel 6 is diseased with Bacterial Leaf blight
2020-03-21 19:03:26,926 ERROR Exception at %s
Traceback (most recent call last):
  File "C:/Users/Abhishek Swain/PycharmProjects/leaf-disease/slic.py", line 123, in binary_label
    np.save(f'Labels\\{mode}_{i}_binary.npy', spxl)
  File "<__array_function__ internals>", line 6, in save
  File "C:\Users\Abhishek Swain\Anaconda3\envs\myenv\lib\site-packages\numpy\lib\npyio.py", line 541, in save
    fid = open(file, "wb")
OSError: [Errno 22] Invalid argument: 'Labels\\Bacterial leaf blight_16_binary.npy'
2020-03-21 19:03:26,929 INFO [COMPLETED] in 1.9483599106470744 minutes
