2020-03-21 18:57:32,749 INFO DSC_0366(masks) matches DSC_0366(image superpixels) 

2020-03-21 18:57:32,749 INFO Loading image.......
2020-03-21 18:57:32,767 INFO Separating segments....
2020-03-21 18:57:34,548 INFO Superpixel 35 is diseased with Bacterial Leaf blight
2020-03-21 18:57:34,711 INFO Superpixel 39 is diseased with Bacterial Leaf blight
2020-03-21 18:57:34,757 INFO Superpixel 40 is diseased with Bacterial Leaf blight
2020-03-21 18:57:34,843 INFO Superpixel 42 is diseased with Bacterial Leaf blight
2020-03-21 18:57:35,041 INFO Superpixel 47 is diseased with Bacterial Leaf blight
2020-03-21 18:57:35,086 INFO Superpixel 48 is diseased with Bacterial Leaf blight
2020-03-21 18:57:35,164 INFO Superpixel 49 is diseased with Bacterial Leaf blight
2020-03-21 18:57:35,325 INFO Superpixel 53 is diseased with Bacterial Leaf blight
2020-03-21 18:57:35,369 INFO Superpixel 54 is diseased with Bacterial Leaf blight
2020-03-21 18:57:35,412 INFO Superpixel 55 is diseased with Bacterial Leaf blight
2020-03-21 18:57:35,457 INFO Superpixel 56 is diseased with Bacterial Leaf blight
2020-03-21 18:57:35,500 INFO Superpixel 57 is diseased with Bacterial Leaf blight
2020-03-21 18:57:36,686 INFO DSC_0366 done 

2020-03-21 18:57:36,699 INFO DSC_0367(masks) matches DSC_0367(image superpixels) 

2020-03-21 18:57:36,700 INFO Loading image.......
2020-03-21 18:57:36,723 INFO Separating segments....
2020-03-21 18:57:37,625 INFO Superpixel 12 is diseased with Bacterial Leaf blight
2020-03-21 18:57:38,435 INFO Superpixel 33 is diseased with Bacterial Leaf blight
2020-03-21 18:57:38,484 INFO Superpixel 34 is diseased with Bacterial Leaf blight
2020-03-21 18:57:38,528 INFO Superpixel 35 is diseased with Bacterial Leaf blight
2020-03-21 18:57:38,572 INFO Superpixel 36 is diseased with Bacterial Leaf blight
2020-03-21 18:57:38,616 INFO Superpixel 37 is diseased with Bacterial Leaf blight
2020-03-21 18:57:38,660 INFO Superpixel 38 is diseased with Bacterial Leaf blight
2020-03-21 18:57:38,859 INFO Superpixel 43 is diseased with Bacterial Leaf blight
2020-03-21 18:57:38,910 INFO Superpixel 44 is diseased with Bacterial Leaf blight
2020-03-21 18:57:38,958 INFO Superpixel 45 is diseased with Bacterial Leaf blight
2020-03-21 18:57:39,758 INFO DSC_0367 done 

2020-03-21 18:57:39,778 INFO DSC_0370(masks) matches DSC_0370(image superpixels) 

2020-03-21 18:57:39,778 INFO Loading image.......
2020-03-21 18:57:39,797 INFO Separating segments....
2020-03-21 18:57:41,149 INFO Superpixel 24 is diseased with Bacterial Leaf blight
2020-03-21 18:57:41,649 INFO Superpixel 37 is diseased with Bacterial Leaf blight
2020-03-21 18:57:41,693 INFO Superpixel 38 is diseased with Bacterial Leaf blight
2020-03-21 18:57:41,737 INFO Superpixel 39 is diseased with Bacterial Leaf blight
2020-03-21 18:57:41,780 INFO Superpixel 40 is diseased with Bacterial Leaf blight
2020-03-21 18:57:42,053 INFO Superpixel 47 is diseased with Bacterial Leaf blight
2020-03-21 18:57:43,589 INFO DSC_0370 done 

2020-03-21 18:57:43,601 INFO DSC_0372(masks) matches DSC_0372(image superpixels) 

2020-03-21 18:57:43,601 INFO Loading image.......
2020-03-21 18:57:43,620 INFO Separating segments....
2020-03-21 18:57:44,470 INFO Superpixel 12 is diseased with Bacterial Leaf blight
2020-03-21 18:57:44,750 INFO Superpixel 19 is diseased with Bacterial Leaf blight
2020-03-21 18:57:44,908 INFO Superpixel 23 is diseased with Bacterial Leaf blight
2020-03-21 18:57:44,989 INFO Superpixel 25 is diseased with Bacterial Leaf blight
2020-03-21 18:57:45,033 INFO Superpixel 26 is diseased with Bacterial Leaf blight
2020-03-21 18:57:45,080 INFO Superpixel 27 is diseased with Bacterial Leaf blight
2020-03-21 18:57:45,128 INFO Superpixel 28 is diseased with Bacterial Leaf blight
2020-03-21 18:57:45,209 INFO Superpixel 30 is diseased with Bacterial Leaf blight
2020-03-21 18:57:45,253 INFO Superpixel 31 is diseased with Bacterial Leaf blight
2020-03-21 18:57:45,297 INFO Superpixel 32 is diseased with Bacterial Leaf blight
2020-03-21 18:57:45,344 INFO Superpixel 33 is diseased with Bacterial Leaf blight
2020-03-21 18:57:45,389 INFO Superpixel 34 is diseased with Bacterial Leaf blight
2020-03-21 18:57:45,434 INFO Superpixel 35 is diseased with Bacterial Leaf blight
2020-03-21 18:57:45,479 INFO Superpixel 36 is diseased with Bacterial Leaf blight
2020-03-21 18:57:45,523 INFO Superpixel 37 is diseased with Bacterial Leaf blight
2020-03-21 18:57:45,566 INFO Superpixel 38 is diseased with Bacterial Leaf blight
2020-03-21 18:57:45,613 INFO Superpixel 39 is diseased with Bacterial Leaf blight
2020-03-21 18:57:45,659 INFO Superpixel 40 is diseased with Bacterial Leaf blight
2020-03-21 18:57:45,708 INFO Superpixel 41 is diseased with Bacterial Leaf blight
2020-03-21 18:57:45,754 INFO Superpixel 42 is diseased with Bacterial Leaf blight
2020-03-21 18:57:45,798 INFO Superpixel 43 is diseased with Bacterial Leaf blight
2020-03-21 18:57:45,842 INFO Superpixel 44 is diseased with Bacterial Leaf blight
2020-03-21 18:57:45,899 INFO Superpixel 45 is diseased with Bacterial Leaf blight
2020-03-21 18:57:45,952 INFO Superpixel 46 is diseased with Bacterial Leaf blight
2020-03-21 18:57:45,999 INFO Superpixel 47 is diseased with Bacterial Leaf blight
2020-03-21 18:57:46,043 INFO Superpixel 48 is diseased with Bacterial Leaf blight
2020-03-21 18:57:46,088 INFO Superpixel 49 is diseased with Bacterial Leaf blight
2020-03-21 18:57:47,144 INFO DSC_0372 done 

2020-03-21 18:57:47,170 INFO DSC_0373(masks) matches DSC_0373(image superpixels) 

2020-03-21 18:57:47,170 INFO Loading image.......
2020-03-21 18:57:47,190 INFO Separating segments....
2020-03-21 18:57:48,903 INFO Superpixel 33 is diseased with Bacterial Leaf blight
2020-03-21 18:57:48,949 INFO Superpixel 34 is diseased with Bacterial Leaf blight
2020-03-21 18:57:48,993 INFO Superpixel 35 is diseased with Bacterial Leaf blight
2020-03-21 18:57:49,076 INFO Superpixel 37 is diseased with Bacterial Leaf blight
2020-03-21 18:57:49,388 INFO Superpixel 45 is diseased with Bacterial Leaf blight
2020-03-21 18:57:49,475 INFO Superpixel 47 is diseased with Bacterial Leaf blight
2020-03-21 18:57:49,520 INFO Superpixel 48 is diseased with Bacterial Leaf blight
2020-03-21 18:57:49,601 INFO Superpixel 50 is diseased with Bacterial Leaf blight
2020-03-21 18:57:49,645 INFO Superpixel 51 is diseased with Bacterial Leaf blight
2020-03-21 18:57:49,687 INFO Superpixel 52 is diseased with Bacterial Leaf blight
2020-03-21 18:57:51,082 INFO DSC_0373 done 

2020-03-21 18:57:51,093 INFO DSC_0374(masks) matches DSC_0374(image superpixels) 

2020-03-21 18:57:51,093 INFO Loading image.......
2020-03-21 18:57:51,111 INFO Separating segments....
2020-03-21 18:57:51,981 INFO Superpixel 12 is diseased with Bacterial Leaf blight
2020-03-21 18:57:52,174 INFO Superpixel 17 is diseased with Bacterial Leaf blight
2020-03-21 18:57:52,410 INFO Superpixel 23 is diseased with Bacterial Leaf blight
2020-03-21 18:57:52,456 INFO Superpixel 24 is diseased with Bacterial Leaf blight
2020-03-21 18:57:52,500 INFO Superpixel 25 is diseased with Bacterial Leaf blight
2020-03-21 18:57:52,545 INFO Superpixel 26 is diseased with Bacterial Leaf blight
2020-03-21 18:57:52,589 INFO Superpixel 27 is diseased with Bacterial Leaf blight
2020-03-21 18:57:52,671 INFO Superpixel 29 is diseased with Bacterial Leaf blight
2020-03-21 18:57:52,715 INFO Superpixel 30 is diseased with Bacterial Leaf blight
2020-03-21 18:57:52,798 INFO Superpixel 32 is diseased with Bacterial Leaf blight
2020-03-21 18:57:52,918 INFO Superpixel 34 is diseased with Bacterial Leaf blight
2020-03-21 18:57:52,974 INFO Superpixel 35 is diseased with Bacterial Leaf blight
2020-03-21 18:57:53,019 INFO Superpixel 36 is diseased with Bacterial Leaf blight
2020-03-21 18:57:53,063 INFO Superpixel 37 is diseased with Bacterial Leaf blight
2020-03-21 18:57:53,107 INFO Superpixel 38 is diseased with Bacterial Leaf blight
2020-03-21 18:57:53,151 INFO Superpixel 39 is diseased with Bacterial Leaf blight
2020-03-21 18:57:53,194 INFO Superpixel 40 is diseased with Bacterial Leaf blight
2020-03-21 18:57:53,239 INFO Superpixel 41 is diseased with Bacterial Leaf blight
2020-03-21 18:57:53,283 INFO Superpixel 42 is diseased with Bacterial Leaf blight
2020-03-21 18:57:53,326 INFO Superpixel 43 is diseased with Bacterial Leaf blight
2020-03-21 18:57:53,371 INFO Superpixel 44 is diseased with Bacterial Leaf blight
2020-03-21 18:57:53,415 INFO Superpixel 45 is diseased with Bacterial Leaf blight
2020-03-21 18:57:53,459 INFO Superpixel 46 is diseased with Bacterial Leaf blight
2020-03-21 18:57:53,503 INFO Superpixel 47 is diseased with Bacterial Leaf blight
2020-03-21 18:57:53,583 INFO Superpixel 49 is diseased with Bacterial Leaf blight
2020-03-21 18:57:53,664 INFO Superpixel 51 is diseased with Bacterial Leaf blight
2020-03-21 18:57:53,707 INFO Superpixel 52 is diseased with Bacterial Leaf blight
2020-03-21 18:57:53,751 INFO Superpixel 53 is diseased with Bacterial Leaf blight
2020-03-21 18:57:53,793 INFO Superpixel 54 is diseased with Bacterial Leaf blight
2020-03-21 18:57:53,874 INFO Superpixel 56 is diseased with Bacterial Leaf blight
2020-03-21 18:57:53,917 INFO Superpixel 57 is diseased with Bacterial Leaf blight
2020-03-21 18:57:53,964 INFO Superpixel 58 is diseased with Bacterial Leaf blight
2020-03-21 18:57:54,838 INFO DSC_0374 done 

2020-03-21 18:57:54,856 INFO DSC_0375(masks) matches DSC_0375(image superpixels) 

2020-03-21 18:57:54,856 INFO Loading image.......
2020-03-21 18:57:54,875 INFO Separating segments....
2020-03-21 18:57:56,230 INFO Superpixel 24 is diseased with Bacterial Leaf blight
2020-03-21 18:57:56,274 INFO Superpixel 25 is diseased with Bacterial Leaf blight
2020-03-21 18:57:56,390 INFO Superpixel 28 is diseased with Bacterial Leaf blight
2020-03-21 18:57:56,433 INFO Superpixel 29 is diseased with Bacterial Leaf blight
2020-03-21 18:57:56,515 INFO Superpixel 31 is diseased with Bacterial Leaf blight
2020-03-21 18:57:56,563 INFO Superpixel 32 is diseased with Bacterial Leaf blight
2020-03-21 18:57:56,645 INFO Superpixel 34 is diseased with Bacterial Leaf blight
2020-03-21 18:57:56,690 INFO Superpixel 35 is diseased with Bacterial Leaf blight
2020-03-21 18:57:57,072 INFO Superpixel 45 is diseased with Bacterial Leaf blight
2020-03-21 18:57:57,152 INFO Superpixel 47 is diseased with Bacterial Leaf blight
2020-03-21 18:57:57,196 INFO Superpixel 48 is diseased with Bacterial Leaf blight
2020-03-21 18:57:57,240 INFO Superpixel 49 is diseased with Bacterial Leaf blight
2020-03-21 18:57:57,285 INFO Superpixel 50 is diseased with Bacterial Leaf blight
2020-03-21 18:57:57,328 INFO Superpixel 51 is diseased with Bacterial Leaf blight
2020-03-21 18:57:57,409 INFO Superpixel 53 is diseased with Bacterial Leaf blight
2020-03-21 18:57:57,453 INFO Superpixel 54 is diseased with Bacterial Leaf blight
2020-03-21 18:57:57,690 INFO Superpixel 60 is diseased with Bacterial Leaf blight
2020-03-21 18:57:58,833 INFO DSC_0375 done 

2020-03-21 18:57:58,845 INFO DSC_0376(masks) matches DSC_0376(image superpixels) 

2020-03-21 18:57:58,845 INFO Loading image.......
2020-03-21 18:57:58,863 INFO Separating segments....
2020-03-21 18:58:00,239 INFO Superpixel 25 is diseased with Bacterial Leaf blight
2020-03-21 18:58:00,592 INFO Superpixel 34 is diseased with Bacterial Leaf blight
2020-03-21 18:58:00,635 INFO Superpixel 35 is diseased with Bacterial Leaf blight
2020-03-21 18:58:00,716 INFO Superpixel 37 is diseased with Bacterial Leaf blight
2020-03-21 18:58:00,759 INFO Superpixel 38 is diseased with Bacterial Leaf blight
2020-03-21 18:58:01,027 INFO Superpixel 45 is diseased with Bacterial Leaf blight
2020-03-21 18:58:01,109 INFO Superpixel 47 is diseased with Bacterial Leaf blight
2020-03-21 18:58:01,152 INFO Superpixel 48 is diseased with Bacterial Leaf blight
2020-03-21 18:58:01,195 INFO Superpixel 49 is diseased with Bacterial Leaf blight
2020-03-21 18:58:01,238 INFO Superpixel 50 is diseased with Bacterial Leaf blight
2020-03-21 18:58:01,280 INFO Superpixel 51 is diseased with Bacterial Leaf blight
2020-03-21 18:58:01,435 INFO Superpixel 55 is diseased with Bacterial Leaf blight
2020-03-21 18:58:01,552 INFO Superpixel 58 is diseased with Bacterial Leaf blight
2020-03-21 18:58:02,528 INFO DSC_0376 done 

2020-03-21 18:58:02,539 INFO DSC_0377(masks) matches DSC_0377(image superpixels) 

2020-03-21 18:58:02,539 INFO Loading image.......
2020-03-21 18:58:02,556 INFO Separating segments....
2020-03-21 18:58:03,584 INFO Superpixel 16 is diseased with Bacterial Leaf blight
2020-03-21 18:58:03,710 INFO Superpixel 19 is diseased with Bacterial Leaf blight
2020-03-21 18:58:03,831 INFO Superpixel 22 is diseased with Bacterial Leaf blight
2020-03-21 18:58:04,287 INFO Superpixel 34 is diseased with Bacterial Leaf blight
2020-03-21 18:58:04,332 INFO Superpixel 35 is diseased with Bacterial Leaf blight
2020-03-21 18:58:04,414 INFO Superpixel 37 is diseased with Bacterial Leaf blight
2020-03-21 18:58:04,458 INFO Superpixel 38 is diseased with Bacterial Leaf blight
2020-03-21 18:58:04,502 INFO Superpixel 39 is diseased with Bacterial Leaf blight
2020-03-21 18:58:04,546 INFO Superpixel 40 is diseased with Bacterial Leaf blight
2020-03-21 18:58:04,589 INFO Superpixel 41 is diseased with Bacterial Leaf blight
2020-03-21 18:58:04,632 INFO Superpixel 42 is diseased with Bacterial Leaf blight
2020-03-21 18:58:04,676 INFO Superpixel 43 is diseased with Bacterial Leaf blight
2020-03-21 18:58:04,719 INFO Superpixel 44 is diseased with Bacterial Leaf blight
2020-03-21 18:58:04,763 INFO Superpixel 45 is diseased with Bacterial Leaf blight
2020-03-21 18:58:04,848 INFO Superpixel 47 is diseased with Bacterial Leaf blight
2020-03-21 18:58:04,892 INFO Superpixel 48 is diseased with Bacterial Leaf blight
2020-03-21 18:58:05,047 INFO Superpixel 52 is diseased with Bacterial Leaf blight
2020-03-21 18:58:05,280 INFO Superpixel 58 is diseased with Bacterial Leaf blight
2020-03-21 18:58:06,326 INFO DSC_0377 done 

2020-03-21 18:58:06,354 INFO DSC_0378(masks) matches DSC_0378(image superpixels) 

2020-03-21 18:58:06,355 INFO Loading image.......
2020-03-21 18:58:06,393 INFO Separating segments....
2020-03-21 18:58:08,010 INFO Superpixel 30 is diseased with Bacterial Leaf blight
2020-03-21 18:58:08,404 INFO Superpixel 40 is diseased with Bacterial Leaf blight
2020-03-21 18:58:08,489 INFO Superpixel 42 is diseased with Bacterial Leaf blight
2020-03-21 18:58:08,649 INFO Superpixel 46 is diseased with Bacterial Leaf blight
2020-03-21 18:58:08,736 INFO Superpixel 48 is diseased with Bacterial Leaf blight
2020-03-21 18:58:08,782 INFO Superpixel 49 is diseased with Bacterial Leaf blight
2020-03-21 18:58:08,826 INFO Superpixel 50 is diseased with Bacterial Leaf blight
2020-03-21 18:58:08,871 INFO Superpixel 51 is diseased with Bacterial Leaf blight
2020-03-21 18:58:08,916 INFO Superpixel 52 is diseased with Bacterial Leaf blight
2020-03-21 18:58:09,930 INFO DSC_0378 done 

2020-03-21 18:58:09,944 INFO DSC_0379(masks) matches DSC_0379(image superpixels) 

2020-03-21 18:58:09,944 INFO Loading image.......
2020-03-21 18:58:09,963 INFO Separating segments....
2020-03-21 18:58:11,725 INFO Superpixel 34 is diseased with Bacterial Leaf blight
2020-03-21 18:58:11,771 INFO Superpixel 35 is diseased with Bacterial Leaf blight
2020-03-21 18:58:11,819 INFO Superpixel 36 is diseased with Bacterial Leaf blight
2020-03-21 18:58:11,867 INFO Superpixel 37 is diseased with Bacterial Leaf blight
2020-03-21 18:58:11,988 INFO Superpixel 40 is diseased with Bacterial Leaf blight
2020-03-21 18:58:12,151 INFO Superpixel 44 is diseased with Bacterial Leaf blight
2020-03-21 18:58:12,194 INFO Superpixel 45 is diseased with Bacterial Leaf blight
2020-03-21 18:58:12,313 INFO Superpixel 48 is diseased with Bacterial Leaf blight
2020-03-21 18:58:12,398 INFO Superpixel 50 is diseased with Bacterial Leaf blight
2020-03-21 18:58:12,444 INFO Superpixel 51 is diseased with Bacterial Leaf blight
2020-03-21 18:58:12,568 INFO Superpixel 54 is diseased with Bacterial Leaf blight
2020-03-21 18:58:12,614 INFO Superpixel 55 is diseased with Bacterial Leaf blight
2020-03-21 18:58:12,658 INFO Superpixel 56 is diseased with Bacterial Leaf blight
2020-03-21 18:58:12,701 INFO Superpixel 57 is diseased with Bacterial Leaf blight
2020-03-21 18:58:12,745 INFO Superpixel 58 is diseased with Bacterial Leaf blight
2020-03-21 18:58:12,800 INFO Superpixel 59 is diseased with Bacterial Leaf blight
2020-03-21 18:58:12,845 INFO Superpixel 60 is diseased with Bacterial Leaf blight
2020-03-21 18:58:12,891 INFO Superpixel 61 is diseased with Bacterial Leaf blight
2020-03-21 18:58:12,973 INFO Superpixel 63 is diseased with Bacterial Leaf blight
2020-03-21 18:58:13,778 INFO DSC_0379 done 

2020-03-21 18:58:13,792 INFO DSC_0381(masks) matches DSC_0381(image superpixels) 

2020-03-21 18:58:13,793 INFO Loading image.......
2020-03-21 18:58:13,815 INFO Separating segments....
2020-03-21 18:58:15,054 INFO Superpixel 22 is diseased with Bacterial Leaf blight
2020-03-21 18:58:15,413 INFO Superpixel 31 is diseased with Bacterial Leaf blight
2020-03-21 18:58:15,458 INFO Superpixel 32 is diseased with Bacterial Leaf blight
2020-03-21 18:58:15,501 INFO Superpixel 33 is diseased with Bacterial Leaf blight
2020-03-21 18:58:15,545 INFO Superpixel 34 is diseased with Bacterial Leaf blight
2020-03-21 18:58:15,588 INFO Superpixel 35 is diseased with Bacterial Leaf blight
2020-03-21 18:58:15,632 INFO Superpixel 36 is diseased with Bacterial Leaf blight
2020-03-21 18:58:15,676 INFO Superpixel 37 is diseased with Bacterial Leaf blight
2020-03-21 18:58:15,721 INFO Superpixel 38 is diseased with Bacterial Leaf blight
2020-03-21 18:58:15,765 INFO Superpixel 39 is diseased with Bacterial Leaf blight
2020-03-21 18:58:15,809 INFO Superpixel 40 is diseased with Bacterial Leaf blight
2020-03-21 18:58:15,853 INFO Superpixel 41 is diseased with Bacterial Leaf blight
2020-03-21 18:58:15,898 INFO Superpixel 42 is diseased with Bacterial Leaf blight
2020-03-21 18:58:15,940 INFO Superpixel 43 is diseased with Bacterial Leaf blight
2020-03-21 18:58:15,986 INFO Superpixel 44 is diseased with Bacterial Leaf blight
2020-03-21 18:58:16,031 INFO Superpixel 45 is diseased with Bacterial Leaf blight
2020-03-21 18:58:16,077 INFO Superpixel 46 is diseased with Bacterial Leaf blight
2020-03-21 18:58:16,121 INFO Superpixel 47 is diseased with Bacterial Leaf blight
2020-03-21 18:58:16,164 INFO Superpixel 48 is diseased with Bacterial Leaf blight
2020-03-21 18:58:16,208 INFO Superpixel 49 is diseased with Bacterial Leaf blight
2020-03-21 18:58:16,329 INFO Superpixel 52 is diseased with Bacterial Leaf blight
2020-03-21 18:58:16,410 INFO Superpixel 54 is diseased with Bacterial Leaf blight
2020-03-21 18:58:17,449 INFO DSC_0381 done 

2020-03-21 18:58:17,460 INFO DSC_0382(masks) matches DSC_0382(image superpixels) 

2020-03-21 18:58:17,460 INFO Loading image.......
2020-03-21 18:58:17,480 INFO Separating segments....
2020-03-21 18:58:18,844 INFO Superpixel 24 is diseased with Bacterial Leaf blight
2020-03-21 18:58:18,893 INFO Superpixel 25 is diseased with Bacterial Leaf blight
2020-03-21 18:58:19,164 INFO Superpixel 32 is diseased with Bacterial Leaf blight
2020-03-21 18:58:19,320 INFO Superpixel 36 is diseased with Bacterial Leaf blight
2020-03-21 18:58:19,363 INFO Superpixel 37 is diseased with Bacterial Leaf blight
2020-03-21 18:58:19,407 INFO Superpixel 38 is diseased with Bacterial Leaf blight
2020-03-21 18:58:19,450 INFO Superpixel 39 is diseased with Bacterial Leaf blight
2020-03-21 18:58:19,494 INFO Superpixel 40 is diseased with Bacterial Leaf blight
2020-03-21 18:58:19,539 INFO Superpixel 41 is diseased with Bacterial Leaf blight
2020-03-21 18:58:19,584 INFO Superpixel 42 is diseased with Bacterial Leaf blight
2020-03-21 18:58:19,722 INFO Superpixel 45 is diseased with Bacterial Leaf blight
2020-03-21 18:58:19,767 INFO Superpixel 46 is diseased with Bacterial Leaf blight
2020-03-21 18:58:19,811 INFO Superpixel 47 is diseased with Bacterial Leaf blight
2020-03-21 18:58:19,854 INFO Superpixel 48 is diseased with Bacterial Leaf blight
2020-03-21 18:58:19,898 INFO Superpixel 49 is diseased with Bacterial Leaf blight
2020-03-21 18:58:19,941 INFO Superpixel 50 is diseased with Bacterial Leaf blight
2020-03-21 18:58:19,984 INFO Superpixel 51 is diseased with Bacterial Leaf blight
2020-03-21 18:58:20,027 INFO Superpixel 52 is diseased with Bacterial Leaf blight
2020-03-21 18:58:20,071 INFO Superpixel 53 is diseased with Bacterial Leaf blight
2020-03-21 18:58:20,115 INFO Superpixel 54 is diseased with Bacterial Leaf blight
2020-03-21 18:58:20,159 INFO Superpixel 55 is diseased with Bacterial Leaf blight
2020-03-21 18:58:20,205 INFO Superpixel 56 is diseased with Bacterial Leaf blight
2020-03-21 18:58:20,252 INFO Superpixel 57 is diseased with Bacterial Leaf blight
2020-03-21 18:58:21,339 INFO DSC_0382 done 

2020-03-21 18:58:21,352 INFO DSC_0383(masks) matches DSC_0383(image superpixels) 

2020-03-21 18:58:21,352 INFO Loading image.......
2020-03-21 18:58:21,373 INFO Separating segments....
2020-03-21 18:58:22,571 INFO Superpixel 22 is diseased with Bacterial Leaf blight
2020-03-21 18:58:22,725 INFO Superpixel 26 is diseased with Bacterial Leaf blight
2020-03-21 18:58:23,070 INFO Superpixel 35 is diseased with Bacterial Leaf blight
2020-03-21 18:58:23,153 INFO Superpixel 37 is diseased with Bacterial Leaf blight
2020-03-21 18:58:23,344 INFO Superpixel 42 is diseased with Bacterial Leaf blight
2020-03-21 18:58:23,387 INFO Superpixel 43 is diseased with Bacterial Leaf blight
2020-03-21 18:58:23,430 INFO Superpixel 44 is diseased with Bacterial Leaf blight
2020-03-21 18:58:23,474 INFO Superpixel 45 is diseased with Bacterial Leaf blight
2020-03-21 18:58:23,518 INFO Superpixel 46 is diseased with Bacterial Leaf blight
2020-03-21 18:58:23,598 INFO Superpixel 48 is diseased with Bacterial Leaf blight
2020-03-21 18:58:23,641 INFO Superpixel 49 is diseased with Bacterial Leaf blight
2020-03-21 18:58:23,721 INFO Superpixel 51 is diseased with Bacterial Leaf blight
2020-03-21 18:58:24,571 INFO DSC_0383 done 

2020-03-21 18:58:24,583 INFO DSC_0384(masks) matches DSC_0384(image superpixels) 

2020-03-21 18:58:24,583 INFO Loading image.......
2020-03-21 18:58:24,605 INFO Separating segments....
2020-03-21 18:58:26,397 INFO Superpixel 33 is diseased with Bacterial Leaf blight
2020-03-21 18:58:26,593 INFO Superpixel 38 is diseased with Bacterial Leaf blight
2020-03-21 18:58:26,636 INFO Superpixel 39 is diseased with Bacterial Leaf blight
2020-03-21 18:58:26,678 INFO Superpixel 40 is diseased with Bacterial Leaf blight
2020-03-21 18:58:26,724 INFO Superpixel 41 is diseased with Bacterial Leaf blight
2020-03-21 18:58:26,769 INFO Superpixel 42 is diseased with Bacterial Leaf blight
2020-03-21 18:58:26,850 INFO Superpixel 44 is diseased with Bacterial Leaf blight
2020-03-21 18:58:26,899 INFO Superpixel 45 is diseased with Bacterial Leaf blight
2020-03-21 18:58:26,981 INFO Superpixel 47 is diseased with Bacterial Leaf blight
2020-03-21 18:58:27,024 INFO Superpixel 48 is diseased with Bacterial Leaf blight
2020-03-21 18:58:27,066 INFO Superpixel 49 is diseased with Bacterial Leaf blight
2020-03-21 18:58:27,110 INFO Superpixel 50 is diseased with Bacterial Leaf blight
2020-03-21 18:58:27,153 INFO Superpixel 51 is diseased with Bacterial Leaf blight
2020-03-21 18:58:27,200 INFO Superpixel 52 is diseased with Bacterial Leaf blight
2020-03-21 18:58:27,243 INFO Superpixel 53 is diseased with Bacterial Leaf blight
2020-03-21 18:58:27,286 INFO Superpixel 54 is diseased with Bacterial Leaf blight
2020-03-21 18:58:27,329 INFO Superpixel 55 is diseased with Bacterial Leaf blight
2020-03-21 18:58:27,372 INFO Superpixel 56 is diseased with Bacterial Leaf blight
2020-03-21 18:58:27,417 INFO Superpixel 57 is diseased with Bacterial Leaf blight
2020-03-21 18:58:27,460 INFO Superpixel 58 is diseased with Bacterial Leaf blight
2020-03-21 18:58:27,504 INFO Superpixel 59 is diseased with Bacterial Leaf blight
2020-03-21 18:58:27,547 INFO Superpixel 60 is diseased with Bacterial Leaf blight
2020-03-21 18:58:27,590 INFO Superpixel 61 is diseased with Bacterial Leaf blight
2020-03-21 18:58:27,635 INFO Superpixel 62 is diseased with Bacterial Leaf blight
2020-03-21 18:58:27,678 INFO Superpixel 63 is diseased with Bacterial Leaf blight
2020-03-21 18:58:27,722 INFO Superpixel 64 is diseased with Bacterial Leaf blight
2020-03-21 18:58:27,953 INFO Superpixel 70 is diseased with Bacterial Leaf blight
2020-03-21 18:58:27,997 INFO Superpixel 71 is diseased with Bacterial Leaf blight
2020-03-21 18:58:28,628 INFO DSC_0384 done 

2020-03-21 18:58:28,642 INFO DSC_0385(masks) matches DSC_0385(image superpixels) 

2020-03-21 18:58:28,642 INFO Loading image.......
2020-03-21 18:58:28,667 INFO Separating segments....
2020-03-21 18:58:30,691 INFO Superpixel 43 is diseased with Bacterial Leaf blight
2020-03-21 18:58:30,734 INFO Superpixel 44 is diseased with Bacterial Leaf blight
2020-03-21 18:58:30,777 INFO Superpixel 45 is diseased with Bacterial Leaf blight
2020-03-21 18:58:30,990 INFO Superpixel 50 is diseased with Bacterial Leaf blight
2020-03-21 18:58:32,382 INFO DSC_0385 done 

2020-03-21 18:58:32,421 INFO DSC_0386(masks) matches DSC_0386(image superpixels) 

2020-03-21 18:58:32,421 INFO Loading image.......
2020-03-21 18:58:32,438 INFO Separating segments....
2020-03-21 18:58:35,005 INFO Superpixel 56 is diseased with Bacterial Leaf blight
2020-03-21 18:58:35,048 INFO Superpixel 57 is diseased with Bacterial Leaf blight
2020-03-21 18:58:35,092 INFO Superpixel 58 is diseased with Bacterial Leaf blight
2020-03-21 18:58:35,137 INFO Superpixel 59 is diseased with Bacterial Leaf blight
2020-03-21 18:58:35,181 INFO Superpixel 60 is diseased with Bacterial Leaf blight
2020-03-21 18:58:35,299 INFO Superpixel 63 is diseased with Bacterial Leaf blight
2020-03-21 18:58:35,383 INFO Superpixel 65 is diseased with Bacterial Leaf blight
2020-03-21 18:58:36,345 INFO DSC_0386 done 

2020-03-21 18:58:36,358 INFO DSC_0388(masks) matches DSC_0388(image superpixels) 

2020-03-21 18:58:36,358 INFO Loading image.......
2020-03-21 18:58:36,382 INFO Separating segments....
2020-03-21 18:58:37,096 INFO Superpixel 7 is diseased with Bacterial Leaf blight
2020-03-21 18:58:37,142 INFO Superpixel 8 is diseased with Bacterial Leaf blight
2020-03-21 18:58:37,187 INFO Superpixel 9 is diseased with Bacterial Leaf blight
2020-03-21 18:58:37,231 INFO Superpixel 10 is diseased with Bacterial Leaf blight
2020-03-21 18:58:37,275 INFO Superpixel 11 is diseased with Bacterial Leaf blight
2020-03-21 18:58:37,319 INFO Superpixel 12 is diseased with Bacterial Leaf blight
2020-03-21 18:58:37,363 INFO Superpixel 13 is diseased with Bacterial Leaf blight
2020-03-21 18:58:37,839 INFO Superpixel 25 is diseased with Bacterial Leaf blight
2020-03-21 18:58:37,883 INFO Superpixel 26 is diseased with Bacterial Leaf blight
2020-03-21 18:58:37,926 INFO Superpixel 27 is diseased with Bacterial Leaf blight
2020-03-21 18:58:38,009 INFO Superpixel 29 is diseased with Bacterial Leaf blight
2020-03-21 18:58:38,164 INFO Superpixel 33 is diseased with Bacterial Leaf blight
2020-03-21 18:58:38,244 INFO Superpixel 35 is diseased with Bacterial Leaf blight
2020-03-21 18:58:39,940 INFO DSC_0388 done 

2020-03-21 18:58:39,956 INFO DSC_0389(masks) matches DSC_0389(image superpixels) 

2020-03-21 18:58:39,956 INFO Loading image.......
2020-03-21 18:58:39,978 INFO Separating segments....
2020-03-21 18:58:41,298 INFO Superpixel 22 is diseased with Bacterial Leaf blight
2020-03-21 18:58:41,390 INFO Superpixel 24 is diseased with Bacterial Leaf blight
2020-03-21 18:58:41,557 INFO Superpixel 28 is diseased with Bacterial Leaf blight
2020-03-21 18:58:41,686 INFO Superpixel 31 is diseased with Bacterial Leaf blight
2020-03-21 18:58:41,733 INFO Superpixel 32 is diseased with Bacterial Leaf blight
2020-03-21 18:58:41,777 INFO Superpixel 33 is diseased with Bacterial Leaf blight
2020-03-21 18:58:41,820 INFO Superpixel 34 is diseased with Bacterial Leaf blight
2020-03-21 18:58:41,874 INFO Superpixel 35 is diseased with Bacterial Leaf blight
2020-03-21 18:58:41,931 INFO Superpixel 36 is diseased with Bacterial Leaf blight
2020-03-21 18:58:41,979 INFO Superpixel 37 is diseased with Bacterial Leaf blight
2020-03-21 18:58:42,028 INFO Superpixel 38 is diseased with Bacterial Leaf blight
2020-03-21 18:58:42,072 INFO Superpixel 39 is diseased with Bacterial Leaf blight
2020-03-21 18:58:42,115 INFO Superpixel 40 is diseased with Bacterial Leaf blight
2020-03-21 18:58:42,307 INFO Superpixel 45 is diseased with Bacterial Leaf blight
2020-03-21 18:58:42,392 INFO Superpixel 47 is diseased with Bacterial Leaf blight
2020-03-21 18:58:42,481 INFO Superpixel 49 is diseased with Bacterial Leaf blight
2020-03-21 18:58:42,562 INFO Superpixel 51 is diseased with Bacterial Leaf blight
2020-03-21 18:58:42,606 INFO Superpixel 52 is diseased with Bacterial Leaf blight
2020-03-21 18:58:43,831 INFO DSC_0389 done 

2020-03-21 18:58:43,843 INFO DSC_0390(masks) matches DSC_0390(image superpixels) 

2020-03-21 18:58:43,843 INFO Loading image.......
2020-03-21 18:58:43,862 INFO Separating segments....
2020-03-21 18:58:46,268 INFO Superpixel 52 is diseased with Bacterial Leaf blight
2020-03-21 18:58:46,353 INFO Superpixel 54 is diseased with Bacterial Leaf blight
2020-03-21 18:58:46,398 INFO Superpixel 55 is diseased with Bacterial Leaf blight
2020-03-21 18:58:46,443 INFO Superpixel 56 is diseased with Bacterial Leaf blight
2020-03-21 18:58:46,486 INFO Superpixel 57 is diseased with Bacterial Leaf blight
2020-03-21 18:58:46,569 INFO Superpixel 59 is diseased with Bacterial Leaf blight
2020-03-21 18:58:46,613 INFO Superpixel 60 is diseased with Bacterial Leaf blight
2020-03-21 18:58:46,695 INFO Superpixel 62 is diseased with Bacterial Leaf blight
2020-03-21 18:58:46,739 INFO Superpixel 63 is diseased with Bacterial Leaf blight
2020-03-21 18:58:46,788 INFO Superpixel 64 is diseased with Bacterial Leaf blight
2020-03-21 18:58:46,843 INFO Superpixel 65 is diseased with Bacterial Leaf blight
2020-03-21 18:58:46,890 INFO Superpixel 66 is diseased with Bacterial Leaf blight
2020-03-21 18:58:46,936 INFO Superpixel 67 is diseased with Bacterial Leaf blight
2020-03-21 18:58:47,797 INFO DSC_0390 done 

2020-03-21 18:58:47,811 INFO DSC_0392(masks) matches DSC_0392(image superpixels) 

2020-03-21 18:58:47,811 INFO Loading image.......
2020-03-21 18:58:47,831 INFO Separating segments....
2020-03-21 18:58:48,608 INFO Superpixel 8 is diseased with Bacterial Leaf blight
2020-03-21 18:58:48,729 INFO Superpixel 11 is diseased with Bacterial Leaf blight
2020-03-21 18:58:49,229 INFO Superpixel 24 is diseased with Bacterial Leaf blight
2020-03-21 18:58:49,509 INFO Superpixel 31 is diseased with Bacterial Leaf blight
2020-03-21 18:58:49,553 INFO Superpixel 32 is diseased with Bacterial Leaf blight
2020-03-21 18:58:49,599 INFO Superpixel 33 is diseased with Bacterial Leaf blight
2020-03-21 18:58:49,651 INFO Superpixel 34 is diseased with Bacterial Leaf blight
2020-03-21 18:58:49,740 INFO Superpixel 36 is diseased with Bacterial Leaf blight
2020-03-21 18:58:49,824 INFO Superpixel 38 is diseased with Bacterial Leaf blight
2020-03-21 18:58:49,869 INFO Superpixel 39 is diseased with Bacterial Leaf blight
2020-03-21 18:58:49,913 INFO Superpixel 40 is diseased with Bacterial Leaf blight
2020-03-21 18:58:50,114 INFO Superpixel 45 is diseased with Bacterial Leaf blight
2020-03-21 18:58:50,158 INFO Superpixel 46 is diseased with Bacterial Leaf blight
2020-03-21 18:58:50,282 INFO Superpixel 49 is diseased with Bacterial Leaf blight
2020-03-21 18:58:50,490 INFO Superpixel 54 is diseased with Bacterial Leaf blight
2020-03-21 18:58:50,534 INFO Superpixel 55 is diseased with Bacterial Leaf blight
2020-03-21 18:58:50,577 INFO Superpixel 56 is diseased with Bacterial Leaf blight
2020-03-21 18:58:51,193 ERROR Exception at %s
Traceback (most recent call last):
  File "C:/Users/Abhishek Swain/PycharmProjects/leaf-disease/slic.py", line 123, in binary_label
    np.save(f'Labels\\{mode}_{i}_binary.npy', spxl)
  File "<__array_function__ internals>", line 6, in save
  File "C:\Users\Abhishek Swain\Anaconda3\envs\myenv\lib\site-packages\numpy\lib\npyio.py", line 541, in save
    fid = open(file, "wb")
OSError: [Errno 22] Invalid argument: 'Labels\\Bacterial leaf blight_70_binary.npy'
2020-03-21 18:58:51,202 INFO [COMPLETED] in 1.3080573121706645 minutes
