2020-03-24 15:59:07,266 INFO DSC_0100(superpixel name) matches DSC_0100(image) and DSC_0100(mask)
2020-03-24 15:59:07,266 INFO [Loading images]
2020-03-24 15:59:07,280 INFO [Separating segments....]
2020-03-24 15:59:07,560 INFO Labels\mask_ground_truth\DSC_0100_Brown spot_34_gt.npy [SAVED]
2020-03-24 15:59:07,698 INFO Labels\mask_ground_truth\DSC_0100_Brown spot_35_gt.npy [SAVED]
2020-03-24 15:59:07,853 INFO Labels\mask_ground_truth\DSC_0100_Brown spot_43_gt.npy [SAVED]
2020-03-24 15:59:08,001 INFO Labels\mask_ground_truth\DSC_0100_Brown spot_45_gt.npy [SAVED]
2020-03-24 15:59:08,165 INFO Labels\mask_ground_truth\DSC_0100_Brown spot_46_gt.npy [SAVED]
2020-03-24 15:59:08,347 INFO Labels\mask_ground_truth\DSC_0100_Brown spot_47_gt.npy [SAVED]
2020-03-24 15:59:08,521 INFO Labels\mask_ground_truth\DSC_0100_Brown spot_48_gt.npy [SAVED]
2020-03-24 15:59:08,674 INFO Labels\mask_ground_truth\DSC_0100_Brown spot_49_gt.npy [SAVED]
2020-03-24 15:59:08,838 INFO Labels\mask_ground_truth\DSC_0100_Brown spot_51_gt.npy [SAVED]
2020-03-24 15:59:08,992 INFO Labels\mask_ground_truth\DSC_0100_Brown spot_52_gt.npy [SAVED]
2020-03-24 15:59:09,142 INFO Labels\mask_ground_truth\DSC_0100_Brown spot_53_gt.npy [SAVED]
2020-03-24 15:59:09,283 INFO Labels\mask_ground_truth\DSC_0100_Brown spot_54_gt.npy [SAVED]
2020-03-24 15:59:09,424 INFO Labels\mask_ground_truth\DSC_0100_Brown spot_55_gt.npy [SAVED]
2020-03-24 15:59:09,560 INFO Labels\mask_ground_truth\DSC_0100_Brown spot_56_gt.npy [SAVED]
2020-03-24 15:59:09,709 INFO Labels\mask_ground_truth\DSC_0100_Brown spot_57_gt.npy [SAVED]
2020-03-24 15:59:09,871 INFO Labels\mask_ground_truth\DSC_0100_Brown spot_58_gt.npy [SAVED]
2020-03-24 15:59:10,032 INFO Labels\mask_ground_truth\DSC_0100_Brown spot_59_gt.npy [SAVED]
2020-03-24 15:59:10,170 INFO Labels\mask_ground_truth\DSC_0100_Brown spot_60_gt.npy [SAVED]
2020-03-24 15:59:10,326 INFO Labels\mask_ground_truth\DSC_0100_Brown spot_61_gt.npy [SAVED]
2020-03-24 15:59:10,475 INFO Labels\mask_ground_truth\DSC_0100_Brown spot_62_gt.npy [SAVED]
2020-03-24 15:59:10,620 INFO Labels\mask_ground_truth\DSC_0100_Brown spot_63_gt.npy [SAVED]
2020-03-24 15:59:10,765 INFO Labels\mask_ground_truth\DSC_0100_Brown spot_64_gt.npy [SAVED]
2020-03-24 15:59:10,938 INFO Labels\mask_ground_truth\DSC_0100_Brown spot_65_gt.npy [SAVED]
2020-03-24 15:59:11,098 INFO Labels\mask_ground_truth\DSC_0100_Brown spot_66_gt.npy [SAVED]
2020-03-24 15:59:11,260 INFO Labels\mask_ground_truth\DSC_0100_Brown spot_68_gt.npy [SAVED]
2020-03-24 15:59:11,418 INFO Labels\mask_ground_truth\DSC_0100_Brown spot_71_gt.npy [SAVED]
2020-03-24 15:59:11,419 INFO DSC_0100 done 

2020-03-24 15:59:11,420 INFO DSC_0101(superpixel name) matches DSC_0101(image) and DSC_0101(mask)
2020-03-24 15:59:11,420 INFO [Loading images]
2020-03-24 15:59:11,427 INFO [Separating segments....]
2020-03-24 15:59:11,653 INFO Labels\mask_ground_truth\DSC_0101_Brown spot_10_gt.npy [SAVED]
2020-03-24 15:59:11,777 INFO Labels\mask_ground_truth\DSC_0101_Brown spot_13_gt.npy [SAVED]
2020-03-24 15:59:11,894 INFO Labels\mask_ground_truth\DSC_0101_Brown spot_14_gt.npy [SAVED]
2020-03-24 15:59:12,002 INFO Labels\mask_ground_truth\DSC_0101_Brown spot_16_gt.npy [SAVED]
2020-03-24 15:59:12,110 INFO Labels\mask_ground_truth\DSC_0101_Brown spot_19_gt.npy [SAVED]
2020-03-24 15:59:12,214 INFO Labels\mask_ground_truth\DSC_0101_Brown spot_20_gt.npy [SAVED]
2020-03-24 15:59:12,321 INFO Labels\mask_ground_truth\DSC_0101_Brown spot_21_gt.npy [SAVED]
2020-03-24 15:59:12,427 INFO Labels\mask_ground_truth\DSC_0101_Brown spot_22_gt.npy [SAVED]
2020-03-24 15:59:12,536 INFO Labels\mask_ground_truth\DSC_0101_Brown spot_23_gt.npy [SAVED]
2020-03-24 15:59:12,674 INFO Labels\mask_ground_truth\DSC_0101_Brown spot_25_gt.npy [SAVED]
2020-03-24 15:59:12,810 INFO Labels\mask_ground_truth\DSC_0101_Brown spot_26_gt.npy [SAVED]
2020-03-24 15:59:12,919 INFO Labels\mask_ground_truth\DSC_0101_Brown spot_27_gt.npy [SAVED]
2020-03-24 15:59:13,025 INFO Labels\mask_ground_truth\DSC_0101_Brown spot_28_gt.npy [SAVED]
2020-03-24 15:59:13,131 INFO Labels\mask_ground_truth\DSC_0101_Brown spot_29_gt.npy [SAVED]
2020-03-24 15:59:13,237 INFO Labels\mask_ground_truth\DSC_0101_Brown spot_30_gt.npy [SAVED]
2020-03-24 15:59:13,349 INFO Labels\mask_ground_truth\DSC_0101_Brown spot_31_gt.npy [SAVED]
2020-03-24 15:59:13,459 INFO Labels\mask_ground_truth\DSC_0101_Brown spot_32_gt.npy [SAVED]
2020-03-24 15:59:13,586 INFO Labels\mask_ground_truth\DSC_0101_Brown spot_33_gt.npy [SAVED]
2020-03-24 15:59:13,701 INFO Labels\mask_ground_truth\DSC_0101_Brown spot_34_gt.npy [SAVED]
2020-03-24 15:59:13,834 INFO Labels\mask_ground_truth\DSC_0101_Brown spot_35_gt.npy [SAVED]
2020-03-24 15:59:13,946 INFO Labels\mask_ground_truth\DSC_0101_Brown spot_36_gt.npy [SAVED]
2020-03-24 15:59:14,061 INFO Labels\mask_ground_truth\DSC_0101_Brown spot_37_gt.npy [SAVED]
2020-03-24 15:59:14,172 INFO Labels\mask_ground_truth\DSC_0101_Brown spot_38_gt.npy [SAVED]
2020-03-24 15:59:14,287 INFO Labels\mask_ground_truth\DSC_0101_Brown spot_39_gt.npy [SAVED]
2020-03-24 15:59:14,399 INFO Labels\mask_ground_truth\DSC_0101_Brown spot_40_gt.npy [SAVED]
2020-03-24 15:59:14,511 INFO Labels\mask_ground_truth\DSC_0101_Brown spot_41_gt.npy [SAVED]
2020-03-24 15:59:14,628 INFO Labels\mask_ground_truth\DSC_0101_Brown spot_42_gt.npy [SAVED]
2020-03-24 15:59:14,758 INFO Labels\mask_ground_truth\DSC_0101_Brown spot_43_gt.npy [SAVED]
2020-03-24 15:59:14,884 INFO Labels\mask_ground_truth\DSC_0101_Brown spot_44_gt.npy [SAVED]
2020-03-24 15:59:15,002 INFO Labels\mask_ground_truth\DSC_0101_Brown spot_47_gt.npy [SAVED]
2020-03-24 15:59:15,113 INFO Labels\mask_ground_truth\DSC_0101_Brown spot_49_gt.npy [SAVED]
2020-03-24 15:59:15,228 INFO Labels\mask_ground_truth\DSC_0101_Brown spot_51_gt.npy [SAVED]
2020-03-24 15:59:15,340 INFO Labels\mask_ground_truth\DSC_0101_Brown spot_52_gt.npy [SAVED]
2020-03-24 15:59:15,455 INFO Labels\mask_ground_truth\DSC_0101_Brown spot_53_gt.npy [SAVED]
2020-03-24 15:59:15,591 INFO Labels\mask_ground_truth\DSC_0101_Brown spot_55_gt.npy [SAVED]
2020-03-24 15:59:15,723 INFO Labels\mask_ground_truth\DSC_0101_Brown spot_56_gt.npy [SAVED]
2020-03-24 15:59:15,848 INFO Labels\mask_ground_truth\DSC_0101_Brown spot_58_gt.npy [SAVED]
2020-03-24 15:59:15,971 INFO Labels\mask_ground_truth\DSC_0101_Brown spot_64_gt.npy [SAVED]
2020-03-24 15:59:15,981 INFO DSC_0101 done 

2020-03-24 15:59:15,981 INFO DSC_0104(superpixel name) matches DSC_0104(image) and DSC_0104(mask)
2020-03-24 15:59:15,981 INFO [Loading images]
2020-03-24 15:59:15,998 INFO [Separating segments....]
2020-03-24 15:59:16,750 INFO Labels\mask_ground_truth\DSC_0104_Brown spot_37_gt.npy [SAVED]
2020-03-24 15:59:17,146 INFO Labels\mask_ground_truth\DSC_0104_Brown spot_38_gt.npy [SAVED]
2020-03-24 15:59:17,530 INFO Labels\mask_ground_truth\DSC_0104_Brown spot_40_gt.npy [SAVED]
2020-03-24 15:59:17,939 INFO Labels\mask_ground_truth\DSC_0104_Brown spot_42_gt.npy [SAVED]
2020-03-24 15:59:18,339 INFO Labels\mask_ground_truth\DSC_0104_Brown spot_44_gt.npy [SAVED]
2020-03-24 15:59:18,784 INFO Labels\mask_ground_truth\DSC_0104_Brown spot_46_gt.npy [SAVED]
2020-03-24 15:59:19,165 INFO Labels\mask_ground_truth\DSC_0104_Brown spot_48_gt.npy [SAVED]
2020-03-24 15:59:19,573 INFO Labels\mask_ground_truth\DSC_0104_Brown spot_50_gt.npy [SAVED]
2020-03-24 15:59:19,964 INFO Labels\mask_ground_truth\DSC_0104_Brown spot_51_gt.npy [SAVED]
2020-03-24 15:59:20,343 INFO Labels\mask_ground_truth\DSC_0104_Brown spot_52_gt.npy [SAVED]
2020-03-24 15:59:20,449 INFO DSC_0104 done 

2020-03-24 15:59:20,449 INFO DSC_0105(superpixel name) matches DSC_0105(image) and DSC_0105(mask)
2020-03-24 15:59:20,450 INFO [Loading images]
2020-03-24 15:59:20,465 INFO [Separating segments....]
2020-03-24 15:59:20,913 INFO Labels\mask_ground_truth\DSC_0105_Brown spot_3_gt.npy [SAVED]
2020-03-24 15:59:21,191 INFO Labels\mask_ground_truth\DSC_0105_Brown spot_4_gt.npy [SAVED]
2020-03-24 15:59:21,480 INFO Labels\mask_ground_truth\DSC_0105_Brown spot_5_gt.npy [SAVED]
2020-03-24 15:59:21,772 INFO Labels\mask_ground_truth\DSC_0105_Brown spot_6_gt.npy [SAVED]
2020-03-24 15:59:22,062 INFO Labels\mask_ground_truth\DSC_0105_Brown spot_7_gt.npy [SAVED]
2020-03-24 15:59:22,342 INFO Labels\mask_ground_truth\DSC_0105_Brown spot_11_gt.npy [SAVED]
2020-03-24 15:59:22,639 INFO Labels\mask_ground_truth\DSC_0105_Brown spot_13_gt.npy [SAVED]
2020-03-24 15:59:22,922 INFO Labels\mask_ground_truth\DSC_0105_Brown spot_16_gt.npy [SAVED]
2020-03-24 15:59:23,197 INFO Labels\mask_ground_truth\DSC_0105_Brown spot_18_gt.npy [SAVED]
2020-03-24 15:59:23,505 INFO Labels\mask_ground_truth\DSC_0105_Brown spot_22_gt.npy [SAVED]
2020-03-24 15:59:23,805 INFO Labels\mask_ground_truth\DSC_0105_Brown spot_26_gt.npy [SAVED]
2020-03-24 15:59:24,077 INFO Labels\mask_ground_truth\DSC_0105_Brown spot_27_gt.npy [SAVED]
